<?xml version="1.0" encoding="UTF-8"?>
<testng-results ignored="0" total="245" passed="199" failed="46" skipped="0">
  <reporter-output>
  </reporter-output>
  <suite started-at="2024-10-04T23:41:09 CDT" name="Suite" finished-at="2024-10-04T23:53:57 CDT" duration-ms="767956">
    <groups>
      <group name="regression">
        <method signature="LinkedListPageTests.check_LinkedListHomePage()[pri:0, instance:testCases.LinkedListPageTests@75798d03]" name="check_LinkedListHomePage" class="testCases.LinkedListPageTests"/>
        <method signature="StackPageTests.check_StackHomePage()[pri:0, instance:testCases.StackPageTests@1ffcf674]" name="check_StackHomePage" class="testCases.StackPageTests"/>
        <method signature="TreePageTests.check_PythonEditorValidInput()[pri:0, instance:testCases.TreePageTests@442f92e6]" name="check_PythonEditorValidInput" class="testCases.TreePageTests"/>
        <method signature="TreePageTests.click_implementation_in_pythonLink()[pri:0, instance:testCases.TreePageTests@442f92e6]" name="click_implementation_in_pythonLink" class="testCases.TreePageTests"/>
        <method signature="TreePageTests.click_types_of_binary_treesLink_BT()[pri:0, instance:testCases.TreePageTests@442f92e6]" name="click_types_of_binary_treesLink_BT" class="testCases.TreePageTests"/>
        <method signature="GetStartedPageTest.TestGetStartedButton()[pri:1, instance:testCases.GetStartedPageTest@3174cb09]" name="TestGetStartedButton" class="testCases.GetStartedPageTest"/>
        <method signature="HomePageTests.clickGetStartedButtonWithoutSignIn(java.lang.String)[pri:1, instance:testCases.HomePageTests@702ed190]" name="clickGetStartedButtonWithoutSignIn" class="testCases.HomePageTests"/>
        <method signature="LinkedListPageTests.check_IntoductionTab()[pri:1, instance:testCases.LinkedListPageTests@75798d03]" name="check_IntoductionTab" class="testCases.LinkedListPageTests"/>
        <method signature="RegisterPageTest.RegisterNewAccount()[pri:1, instance:testCases.RegisterPageTest@173b9122]" name="RegisterNewAccount" class="testCases.RegisterPageTest"/>
        <method signature="SignInPagetest.checkValidAndInvalidLoginTest(java.lang.String,java.lang.String,java.lang.String)[pri:1, instance:testCases.SignInPagetest@7a0e1b5e]" name="checkValidAndInvalidLoginTest" class="testCases.SignInPagetest"/>
        <method signature="StackPageTests.check_StackOperationspage()[pri:1, instance:testCases.StackPageTests@1ffcf674]" name="check_StackOperationspage" class="testCases.StackPageTests"/>
        <method signature="TreePageTests.check_TreeHomePagelink()[pri:1, instance:testCases.TreePageTests@442f92e6]" name="check_TreeHomePagelink" class="testCases.TreePageTests"/>
        <method signature="HomePageTests.clickGetStartedButtonAfterSignIn(java.lang.String)[pri:2, instance:testCases.HomePageTests@702ed190]" name="clickGetStartedButtonAfterSignIn" class="testCases.HomePageTests"/>
        <method signature="LinkedListPageTests.check_IntroductionTryHereButton()[pri:2, instance:testCases.LinkedListPageTests@75798d03]" name="check_IntroductionTryHereButton" class="testCases.LinkedListPageTests"/>
        <method signature="SignInPagetest.testLoginWithoutUsername(java.lang.String,java.lang.String)[pri:2, instance:testCases.SignInPagetest@7a0e1b5e]" name="testLoginWithoutUsername" class="testCases.SignInPagetest"/>
        <method signature="StackPageTests.check_OperationsTryHereBtn()[pri:2, instance:testCases.StackPageTests@1ffcf674]" name="check_OperationsTryHereBtn" class="testCases.StackPageTests"/>
        <method signature="TreePageTests.check_Overview_of_TreePage()[pri:2, instance:testCases.TreePageTests@442f92e6]" name="check_Overview_of_TreePage" class="testCases.TreePageTests"/>
        <method signature="HomePageTests.selectDataStructureDropdownTopicWithoutSignIn(java.lang.String)[pri:3, instance:testCases.HomePageTests@702ed190]" name="selectDataStructureDropdownTopicWithoutSignIn" class="testCases.HomePageTests"/>
        <method signature="LinkedListPageTests.check_IntroductionPythonEditorValidInput()[pri:3, instance:testCases.LinkedListPageTests@75798d03]" name="check_IntroductionPythonEditorValidInput" class="testCases.LinkedListPageTests"/>
        <method signature="StackPageTests.check_OperationsPythonEditorValidInput()[pri:3, instance:testCases.StackPageTests@1ffcf674]" name="check_OperationsPythonEditorValidInput" class="testCases.StackPageTests"/>
        <method signature="TreePageTests.check_TryHereButton()[pri:3, instance:testCases.TreePageTests@442f92e6]" name="check_TryHereButton" class="testCases.TreePageTests"/>
        <method signature="GraphPageTests.check_PythonEditorInvalidInput()[pri:4, instance:testCases.GraphPageTests@7d070ef5]" name="check_PythonEditorInvalidInput" class="testCases.GraphPageTests"/>
        <method signature="GraphPageTests.check_PythonEditorNoInput()[pri:4, instance:testCases.GraphPageTests@7d070ef5]" name="check_PythonEditorNoInput" class="testCases.GraphPageTests"/>
        <method signature="GraphPageTests.check_PythonEditorValidInput()[pri:4, instance:testCases.GraphPageTests@7d070ef5]" name="check_PythonEditorValidInput" class="testCases.GraphPageTests"/>
        <method signature="GraphPageTests.check_TryHereButton()[pri:4, instance:testCases.GraphPageTests@7d070ef5]" name="check_TryHereButton" class="testCases.GraphPageTests"/>
        <method signature="HomePageTests.selectDataStructureDropdownTopicAfterSignIn(java.lang.String)[pri:4, instance:testCases.HomePageTests@702ed190]" name="selectDataStructureDropdownTopicAfterSignIn" class="testCases.HomePageTests"/>
        <method signature="LinkedListPageTests.check_IntroductionPythonEditorInvalidInput()[pri:4, instance:testCases.LinkedListPageTests@75798d03]" name="check_IntroductionPythonEditorInvalidInput" class="testCases.LinkedListPageTests"/>
        <method signature="RegisterPageTest.checkMovingToLoginPageFromRegisterPage()[pri:4, instance:testCases.RegisterPageTest@173b9122]" name="checkMovingToLoginPageFromRegisterPage" class="testCases.RegisterPageTest"/>
        <method signature="SignInPagetest.checkMovingToRegisterPageFromLoginPage()[pri:4, instance:testCases.SignInPagetest@7a0e1b5e]" name="checkMovingToRegisterPageFromLoginPage" class="testCases.SignInPagetest"/>
        <method signature="StackPageTests.check_OperationsPythonEditorInvalidInput()[pri:4, instance:testCases.StackPageTests@1ffcf674]" name="check_OperationsPythonEditorInvalidInput" class="testCases.StackPageTests"/>
        <method signature="LinkedListPageTests.check_IntroductionPythonEditorNoInput()[pri:5, instance:testCases.LinkedListPageTests@75798d03]" name="check_IntroductionPythonEditorNoInput" class="testCases.LinkedListPageTests"/>
        <method signature="StackPageTests.check_OperationsPythonEditorNoInput()[pri:5, instance:testCases.StackPageTests@1ffcf674]" name="check_OperationsPythonEditorNoInput" class="testCases.StackPageTests"/>
        <method signature="TreePageTests.check_PythonEditorInvalidInput()[pri:5, instance:testCases.TreePageTests@442f92e6]" name="check_PythonEditorInvalidInput" class="testCases.TreePageTests"/>
        <method signature="LinkedListPageTests.check_CreatingLinkedListTab()[pri:6, instance:testCases.LinkedListPageTests@75798d03]" name="check_CreatingLinkedListTab" class="testCases.LinkedListPageTests"/>
        <method signature="StackPageTests.check_StackImplementationspage()[pri:6, instance:testCases.StackPageTests@1ffcf674]" name="check_StackImplementationspage" class="testCases.StackPageTests"/>
        <method signature="TreePageTests.check_PythonEditorNoInput()[pri:6, instance:testCases.TreePageTests@442f92e6]" name="check_PythonEditorNoInput" class="testCases.TreePageTests"/>
        <method signature="LinkedListPageTests.check_CreatingLLTryHereButton()[pri:7, instance:testCases.LinkedListPageTests@75798d03]" name="check_CreatingLLTryHereButton" class="testCases.LinkedListPageTests"/>
        <method signature="StackPageTests.check_ImplementationTryHereBtn()[pri:7, instance:testCases.StackPageTests@1ffcf674]" name="check_ImplementationTryHereBtn" class="testCases.StackPageTests"/>
        <method signature="TreePageTests.check_terminologiesPage()[pri:7, instance:testCases.TreePageTests@442f92e6]" name="check_terminologiesPage" class="testCases.TreePageTests"/>
        <method signature="HomePageTests.clickNumpyNinjaLinkFromSignInPage()[pri:8, instance:testCases.HomePageTests@702ed190]" name="clickNumpyNinjaLinkFromSignInPage" class="testCases.HomePageTests"/>
        <method signature="LinkedListPageTests.check_CreatingLLPythonEditorValidInput()[pri:8, instance:testCases.LinkedListPageTests@75798d03]" name="check_CreatingLLPythonEditorValidInput" class="testCases.LinkedListPageTests"/>
        <method signature="StackPageTests.check_ImplementationsPythonEditorValidInput()[pri:8, instance:testCases.StackPageTests@1ffcf674]" name="check_ImplementationsPythonEditorValidInput" class="testCases.StackPageTests"/>
        <method signature="TreePageTests.check_TryHereButton1()[pri:8, instance:testCases.TreePageTests@442f92e6]" name="check_TryHereButton1" class="testCases.TreePageTests"/>
        <method signature="HomePageTests.clickNumpyNinjaLinkFromRegisterPage()[pri:9, instance:testCases.HomePageTests@702ed190]" name="clickNumpyNinjaLinkFromRegisterPage" class="testCases.HomePageTests"/>
        <method signature="LinkedListPageTests.check_CreatingLLPythonEditorInvalidInput()[pri:9, instance:testCases.LinkedListPageTests@75798d03]" name="check_CreatingLLPythonEditorInvalidInput" class="testCases.LinkedListPageTests"/>
        <method signature="StackPageTests.check_ImplementationsPythonEditorInvalidInput()[pri:9, instance:testCases.StackPageTests@1ffcf674]" name="check_ImplementationsPythonEditorInvalidInput" class="testCases.StackPageTests"/>
        <method signature="TreePageTests.check_PythonEditorValidInput1()[pri:9, instance:testCases.TreePageTests@442f92e6]" name="check_PythonEditorValidInput1" class="testCases.TreePageTests"/>
        <method signature="LinkedListPageTests.check_CreatingLLPythonEditorNoInput()[pri:10, instance:testCases.LinkedListPageTests@75798d03]" name="check_CreatingLLPythonEditorNoInput" class="testCases.LinkedListPageTests"/>
        <method signature="StackPageTests.check_ImplementationsPythonEditorNoInput()[pri:10, instance:testCases.StackPageTests@1ffcf674]" name="check_ImplementationsPythonEditorNoInput" class="testCases.StackPageTests"/>
        <method signature="TreePageTests.check_PythonEditorInvalidInput1()[pri:10, instance:testCases.TreePageTests@442f92e6]" name="check_PythonEditorInvalidInput1" class="testCases.TreePageTests"/>
        <method signature="LinkedListPageTests.check_TypesOfLinkedListTab()[pri:11, instance:testCases.LinkedListPageTests@75798d03]" name="check_TypesOfLinkedListTab" class="testCases.LinkedListPageTests"/>
        <method signature="StackPageTests.check_StackApplicationspage()[pri:11, instance:testCases.StackPageTests@1ffcf674]" name="check_StackApplicationspage" class="testCases.StackPageTests"/>
        <method signature="TreePageTests.check_PythonEditorNoInput1()[pri:11, instance:testCases.TreePageTests@442f92e6]" name="check_PythonEditorNoInput1" class="testCases.TreePageTests"/>
        <method signature="LinkedListPageTests.check_TypesOfLLTryHereButton()[pri:12, instance:testCases.LinkedListPageTests@75798d03]" name="check_TypesOfLLTryHereButton" class="testCases.LinkedListPageTests"/>
        <method signature="StackPageTests.check_ApplicationTryHereBtn()[pri:12, instance:testCases.StackPageTests@1ffcf674]" name="check_ApplicationTryHereBtn" class="testCases.StackPageTests"/>
        <method signature="TreePageTests.check_types_of_treesPage()[pri:12, instance:testCases.TreePageTests@442f92e6]" name="check_types_of_treesPage" class="testCases.TreePageTests"/>
        <method signature="LinkedListPageTests.check_TypesOfLLPythonEditorValidInput()[pri:13, instance:testCases.LinkedListPageTests@75798d03]" name="check_TypesOfLLPythonEditorValidInput" class="testCases.LinkedListPageTests"/>
        <method signature="StackPageTests.check_ApplicationsPythonEditorValidInput()[pri:13, instance:testCases.StackPageTests@1ffcf674]" name="check_ApplicationsPythonEditorValidInput" class="testCases.StackPageTests"/>
        <method signature="TreePageTests.check_TryHereButton2()[pri:13, instance:testCases.TreePageTests@442f92e6]" name="check_TryHereButton2" class="testCases.TreePageTests"/>
        <method signature="LinkedListPageTests.check_TypesOfLLPythonEditorInvalidInput()[pri:14, instance:testCases.LinkedListPageTests@75798d03]" name="check_TypesOfLLPythonEditorInvalidInput" class="testCases.LinkedListPageTests"/>
        <method signature="StackPageTests.check_ApplicationsPythonEditorInvalidInput()[pri:14, instance:testCases.StackPageTests@1ffcf674]" name="check_ApplicationsPythonEditorInvalidInput" class="testCases.StackPageTests"/>
        <method signature="TreePageTests.check_PythonEditorValidInput2()[pri:14, instance:testCases.TreePageTests@442f92e6]" name="check_PythonEditorValidInput2" class="testCases.TreePageTests"/>
        <method signature="LinkedListPageTests.check_TypesOfLLPythonEditorNoInput()[pri:15, instance:testCases.LinkedListPageTests@75798d03]" name="check_TypesOfLLPythonEditorNoInput" class="testCases.LinkedListPageTests"/>
        <method signature="StackPageTests.check_ApplicationsPythonEditorNoInput()[pri:15, instance:testCases.StackPageTests@1ffcf674]" name="check_ApplicationsPythonEditorNoInput" class="testCases.StackPageTests"/>
        <method signature="TreePageTests.check_PythonEditorInvalidInput2()[pri:15, instance:testCases.TreePageTests@442f92e6]" name="check_PythonEditorInvalidInput2" class="testCases.TreePageTests"/>
        <method signature="LinkedListPageTests.check_ImplementingLinkedListTab()[pri:16, instance:testCases.LinkedListPageTests@75798d03]" name="check_ImplementingLinkedListTab" class="testCases.LinkedListPageTests"/>
        <method signature="StackPageTests.check_StPracticeQns()[pri:16, instance:testCases.StackPageTests@1ffcf674]" name="check_StPracticeQns" class="testCases.StackPageTests"/>
        <method signature="TreePageTests.check_PythonEditorNoInput2()[pri:16, instance:testCases.TreePageTests@442f92e6]" name="check_PythonEditorNoInput2" class="testCases.TreePageTests"/>
        <method signature="LinkedListPageTests.check_ImplementingLLTryHereButton()[pri:17, instance:testCases.LinkedListPageTests@75798d03]" name="check_ImplementingLLTryHereButton" class="testCases.LinkedListPageTests"/>
        <method signature="TreePageTests.click_tree_traversalsLink()[pri:17, instance:testCases.TreePageTests@442f92e6]" name="click_tree_traversalsLink" class="testCases.TreePageTests"/>
        <method signature="LinkedListPageTests.check_ImplementingLLPythonEditorValidInput()[pri:18, instance:testCases.LinkedListPageTests@75798d03]" name="check_ImplementingLLPythonEditorValidInput" class="testCases.LinkedListPageTests"/>
        <method signature="TreePageTests.check_TryHereButton3()[pri:18, instance:testCases.TreePageTests@442f92e6]" name="check_TryHereButton3" class="testCases.TreePageTests"/>
        <method signature="LinkedListPageTests.check_ImplementingLLPythonEditorInvalidInput()[pri:19, instance:testCases.LinkedListPageTests@75798d03]" name="check_ImplementingLLPythonEditorInvalidInput" class="testCases.LinkedListPageTests"/>
        <method signature="TreePageTests.check_PythonEditorValidInput3()[pri:19, instance:testCases.TreePageTests@442f92e6]" name="check_PythonEditorValidInput3" class="testCases.TreePageTests"/>
        <method signature="LinkedListPageTests.check_ImplementingLLPythonEditorNoInput()[pri:20, instance:testCases.LinkedListPageTests@75798d03]" name="check_ImplementingLLPythonEditorNoInput" class="testCases.LinkedListPageTests"/>
        <method signature="TreePageTests.check_PythonEditorInvalidInput3()[pri:20, instance:testCases.TreePageTests@442f92e6]" name="check_PythonEditorInvalidInput3" class="testCases.TreePageTests"/>
        <method signature="LinkedListPageTests.check_Traversal()[pri:21, instance:testCases.LinkedListPageTests@75798d03]" name="check_Traversal" class="testCases.LinkedListPageTests"/>
        <method signature="TreePageTests.check_PythonEditorNoInput3()[pri:21, instance:testCases.TreePageTests@442f92e6]" name="check_PythonEditorNoInput3" class="testCases.TreePageTests"/>
        <method signature="LinkedListPageTests.check_TraversalTryHereButton()[pri:22, instance:testCases.LinkedListPageTests@75798d03]" name="check_TraversalTryHereButton" class="testCases.LinkedListPageTests"/>
        <method signature="TreePageTests.click_traversals_illustrationLink()[pri:22, instance:testCases.TreePageTests@442f92e6]" name="click_traversals_illustrationLink" class="testCases.TreePageTests"/>
        <method signature="LinkedListPageTests.check_TraversalPythonEditorValidInput()[pri:23, instance:testCases.LinkedListPageTests@75798d03]" name="check_TraversalPythonEditorValidInput" class="testCases.LinkedListPageTests"/>
        <method signature="TreePageTests.check_TryHereButton4()[pri:23, instance:testCases.TreePageTests@442f92e6]" name="check_TryHereButton4" class="testCases.TreePageTests"/>
        <method signature="LinkedListPageTests.check_TraversalPythonEditorInvalidInput()[pri:24, instance:testCases.LinkedListPageTests@75798d03]" name="check_TraversalPythonEditorInvalidInput" class="testCases.LinkedListPageTests"/>
        <method signature="TreePageTests.check_PythonEditorValidInput4()[pri:24, instance:testCases.TreePageTests@442f92e6]" name="check_PythonEditorValidInput4" class="testCases.TreePageTests"/>
        <method signature="LinkedListPageTests.check_TraversalPythonEditorNoInput()[pri:25, instance:testCases.LinkedListPageTests@75798d03]" name="check_TraversalPythonEditorNoInput" class="testCases.LinkedListPageTests"/>
        <method signature="TreePageTests.check_PythonEditorInvalidInput4()[pri:25, instance:testCases.TreePageTests@442f92e6]" name="check_PythonEditorInvalidInput4" class="testCases.TreePageTests"/>
        <method signature="LinkedListPageTests.check_Insertion()[pri:26, instance:testCases.LinkedListPageTests@75798d03]" name="check_Insertion" class="testCases.LinkedListPageTests"/>
        <method signature="TreePageTests.check_PythonEditorNoInput4()[pri:26, instance:testCases.TreePageTests@442f92e6]" name="check_PythonEditorNoInput4" class="testCases.TreePageTests"/>
        <method signature="LinkedListPageTests.check_InsertionTryHereButton()[pri:27, instance:testCases.LinkedListPageTests@75798d03]" name="check_InsertionTryHereButton" class="testCases.LinkedListPageTests"/>
        <method signature="TreePageTests.click_binary_treesLink()[pri:27, instance:testCases.TreePageTests@442f92e6]" name="click_binary_treesLink" class="testCases.TreePageTests"/>
        <method signature="LinkedListPageTests.check_InsertionPythonEditorValidInput()[pri:28, instance:testCases.LinkedListPageTests@75798d03]" name="check_InsertionPythonEditorValidInput" class="testCases.LinkedListPageTests"/>
        <method signature="TreePageTests.check_TryHereButton5()[pri:28, instance:testCases.TreePageTests@442f92e6]" name="check_TryHereButton5" class="testCases.TreePageTests"/>
        <method signature="LinkedListPageTests.check_InsertionPythonEditorInvalidInput()[pri:29, instance:testCases.LinkedListPageTests@75798d03]" name="check_InsertionPythonEditorInvalidInput" class="testCases.LinkedListPageTests"/>
        <method signature="TreePageTests.check_PythonEditorValidInput5()[pri:29, instance:testCases.TreePageTests@442f92e6]" name="check_PythonEditorValidInput5" class="testCases.TreePageTests"/>
        <method signature="LinkedListPageTests.check_InsertionPythonEditorNoInput()[pri:30, instance:testCases.LinkedListPageTests@75798d03]" name="check_InsertionPythonEditorNoInput" class="testCases.LinkedListPageTests"/>
        <method signature="TreePageTests.check_PythonEditorInvalidInput5()[pri:30, instance:testCases.TreePageTests@442f92e6]" name="check_PythonEditorInvalidInput5" class="testCases.TreePageTests"/>
        <method signature="LinkedListPageTests.check_Deletion()[pri:31, instance:testCases.LinkedListPageTests@75798d03]" name="check_Deletion" class="testCases.LinkedListPageTests"/>
        <method signature="LinkedListPageTests.check_DeletionTryHereButton()[pri:32, instance:testCases.LinkedListPageTests@75798d03]" name="check_DeletionTryHereButton" class="testCases.LinkedListPageTests"/>
        <method signature="LinkedListPageTests.check_DeletionPythonEditorValidInput()[pri:33, instance:testCases.LinkedListPageTests@75798d03]" name="check_DeletionPythonEditorValidInput" class="testCases.LinkedListPageTests"/>
        <method signature="LinkedListPageTests.check_DeletionPythonEditorInvalidInput()[pri:34, instance:testCases.LinkedListPageTests@75798d03]" name="check_DeletionPythonEditorInvalidInput" class="testCases.LinkedListPageTests"/>
        <method signature="LinkedListPageTests.check_DeletionPythonEditorNoInput()[pri:35, instance:testCases.LinkedListPageTests@75798d03]" name="check_DeletionPythonEditorNoInput" class="testCases.LinkedListPageTests"/>
        <method signature="TreePageTests.check_PythonEditorNoInput5()[pri:35, instance:testCases.TreePageTests@442f92e6]" name="check_PythonEditorNoInput5" class="testCases.TreePageTests"/>
        <method signature="LinkedListPageTests.check_LLPracticeQns()[pri:36, instance:testCases.LinkedListPageTests@75798d03]" name="check_LLPracticeQns" class="testCases.LinkedListPageTests"/>
        <method signature="TreePageTests.check_PythonEditorValidInput6()[pri:36, instance:testCases.TreePageTests@442f92e6]" name="check_PythonEditorValidInput6" class="testCases.TreePageTests"/>
        <method signature="TreePageTests.click_types_of_binary_treesLink()[pri:36, instance:testCases.TreePageTests@442f92e6]" name="click_types_of_binary_treesLink" class="testCases.TreePageTests"/>
        <method signature="TreePageTests.check_PythonEditorInvalidInput6()[pri:37, instance:testCases.TreePageTests@442f92e6]" name="check_PythonEditorInvalidInput6" class="testCases.TreePageTests"/>
        <method signature="TreePageTests.check_TryHereButton6()[pri:37, instance:testCases.TreePageTests@442f92e6]" name="check_TryHereButton6" class="testCases.TreePageTests"/>
        <method signature="TreePageTests.check_PythonEditorNoInput6()[pri:38, instance:testCases.TreePageTests@442f92e6]" name="check_PythonEditorNoInput6" class="testCases.TreePageTests"/>
        <method signature="TreePageTests.click_implementation_in_pythonLink_IIP()[pri:39, instance:testCases.TreePageTests@442f92e6]" name="click_implementation_in_pythonLink_IIP" class="testCases.TreePageTests"/>
        <method signature="TreePageTests.check_TryHereButton7()[pri:40, instance:testCases.TreePageTests@442f92e6]" name="check_TryHereButton7" class="testCases.TreePageTests"/>
        <method signature="TreePageTests.check_PythonEditorValidInput7()[pri:41, instance:testCases.TreePageTests@442f92e6]" name="check_PythonEditorValidInput7" class="testCases.TreePageTests"/>
        <method signature="TreePageTests.check_PythonEditorInvalidInput7()[pri:42, instance:testCases.TreePageTests@442f92e6]" name="check_PythonEditorInvalidInput7" class="testCases.TreePageTests"/>
        <method signature="TreePageTests.check_PythonEditorNoInput7()[pri:43, instance:testCases.TreePageTests@442f92e6]" name="check_PythonEditorNoInput7" class="testCases.TreePageTests"/>
        <method signature="TreePageTests.click_BinaryTreeTraversalsLink()[pri:44, instance:testCases.TreePageTests@442f92e6]" name="click_BinaryTreeTraversalsLink" class="testCases.TreePageTests"/>
        <method signature="TreePageTests.check_TryHereButton8()[pri:45, instance:testCases.TreePageTests@442f92e6]" name="check_TryHereButton8" class="testCases.TreePageTests"/>
        <method signature="TreePageTests.check_PythonEditorValidInput8()[pri:46, instance:testCases.TreePageTests@442f92e6]" name="check_PythonEditorValidInput8" class="testCases.TreePageTests"/>
        <method signature="TreePageTests.check_PythonEditorInvalidInput8()[pri:47, instance:testCases.TreePageTests@442f92e6]" name="check_PythonEditorInvalidInput8" class="testCases.TreePageTests"/>
        <method signature="TreePageTests.check_PythonEditorNoInput8()[pri:48, instance:testCases.TreePageTests@442f92e6]" name="check_PythonEditorNoInput8" class="testCases.TreePageTests"/>
        <method signature="TreePageTests.click_ImplementationofBinaryTreesLink()[pri:49, instance:testCases.TreePageTests@442f92e6]" name="click_ImplementationofBinaryTreesLink" class="testCases.TreePageTests"/>
        <method signature="TreePageTests.check_TryHereButton9()[pri:50, instance:testCases.TreePageTests@442f92e6]" name="check_TryHereButton9" class="testCases.TreePageTests"/>
        <method signature="TreePageTests.check_PythonEditorValidInput9()[pri:51, instance:testCases.TreePageTests@442f92e6]" name="check_PythonEditorValidInput9" class="testCases.TreePageTests"/>
        <method signature="TreePageTests.check_PythonEditorInvalidInput9()[pri:52, instance:testCases.TreePageTests@442f92e6]" name="check_PythonEditorInvalidInput9" class="testCases.TreePageTests"/>
        <method signature="TreePageTests.check_PythonEditorNoInput9()[pri:53, instance:testCases.TreePageTests@442f92e6]" name="check_PythonEditorNoInput9" class="testCases.TreePageTests"/>
        <method signature="TreePageTests.click_ApplicationsofBinarytreesLink()[pri:54, instance:testCases.TreePageTests@442f92e6]" name="click_ApplicationsofBinarytreesLink" class="testCases.TreePageTests"/>
        <method signature="TreePageTests.check_TryHereButton10()[pri:55, instance:testCases.TreePageTests@442f92e6]" name="check_TryHereButton10" class="testCases.TreePageTests"/>
        <method signature="TreePageTests.check_PythonEditorValidInput10()[pri:56, instance:testCases.TreePageTests@442f92e6]" name="check_PythonEditorValidInput10" class="testCases.TreePageTests"/>
        <method signature="TreePageTests.check_PythonEditorInvalidInput10()[pri:57, instance:testCases.TreePageTests@442f92e6]" name="check_PythonEditorInvalidInput10" class="testCases.TreePageTests"/>
        <method signature="TreePageTests.check_PythonEditorNoInput10()[pri:58, instance:testCases.TreePageTests@442f92e6]" name="check_PythonEditorNoInput10" class="testCases.TreePageTests"/>
        <method signature="TreePageTests.click_BinarySearchTreesLink()[pri:59, instance:testCases.TreePageTests@442f92e6]" name="click_BinarySearchTreesLink" class="testCases.TreePageTests"/>
        <method signature="TreePageTests.check_TryHereButton11()[pri:60, instance:testCases.TreePageTests@442f92e6]" name="check_TryHereButton11" class="testCases.TreePageTests"/>
        <method signature="TreePageTests.check_PythonEditorValidInput11()[pri:61, instance:testCases.TreePageTests@442f92e6]" name="check_PythonEditorValidInput11" class="testCases.TreePageTests"/>
        <method signature="TreePageTests.check_PythonEditorInvalidInput11()[pri:62, instance:testCases.TreePageTests@442f92e6]" name="check_PythonEditorInvalidInput11" class="testCases.TreePageTests"/>
        <method signature="TreePageTests.check_PythonEditorNoInput11()[pri:63, instance:testCases.TreePageTests@442f92e6]" name="check_PythonEditorNoInput11" class="testCases.TreePageTests"/>
        <method signature="TreePageTests.click_ImplementationOfBSTLink()[pri:64, instance:testCases.TreePageTests@442f92e6]" name="click_ImplementationOfBSTLink" class="testCases.TreePageTests"/>
        <method signature="TreePageTests.check_TryHereButton12()[pri:65, instance:testCases.TreePageTests@442f92e6]" name="check_TryHereButton12" class="testCases.TreePageTests"/>
        <method signature="TreePageTests.check_PythonEditorValidInput12()[pri:66, instance:testCases.TreePageTests@442f92e6]" name="check_PythonEditorValidInput12" class="testCases.TreePageTests"/>
        <method signature="TreePageTests.check_PythonEditorInvalidInput12()[pri:67, instance:testCases.TreePageTests@442f92e6]" name="check_PythonEditorInvalidInput12" class="testCases.TreePageTests"/>
        <method signature="TreePageTests.check_PythonEditorNoInput12()[pri:68, instance:testCases.TreePageTests@442f92e6]" name="check_PythonEditorNoInput12" class="testCases.TreePageTests"/>
        <method signature="TreePageTests.click_PracticeQnsLink()[pri:69, instance:testCases.TreePageTests@442f92e6]" name="click_PracticeQnsLink" class="testCases.TreePageTests"/>
      </group> <!-- regression -->
      <group name="smoke">
        <method signature="GetStartedPageTest.TestGetStartedButton()[pri:1, instance:testCases.GetStartedPageTest@3174cb09]" name="TestGetStartedButton" class="testCases.GetStartedPageTest"/>
        <method signature="HomePageTests.clickGetStartedButtonWithoutSignIn(java.lang.String)[pri:1, instance:testCases.HomePageTests@702ed190]" name="clickGetStartedButtonWithoutSignIn" class="testCases.HomePageTests"/>
        <method signature="RegisterPageTest.RegisterNewAccount()[pri:1, instance:testCases.RegisterPageTest@173b9122]" name="RegisterNewAccount" class="testCases.RegisterPageTest"/>
        <method signature="GetStartedPageTest.CopyrightNumpyNinja2021Display()[pri:2, instance:testCases.GetStartedPageTest@3174cb09]" name="CopyrightNumpyNinja2021Display" class="testCases.GetStartedPageTest"/>
        <method signature="HomePageTests.selectDataStructureDropdownTopicAfterSignIn(java.lang.String)[pri:4, instance:testCases.HomePageTests@702ed190]" name="selectDataStructureDropdownTopicAfterSignIn" class="testCases.HomePageTests"/>
        <method signature="SignInPagetest.checkMovingToRegisterPageFromLoginPage()[pri:4, instance:testCases.SignInPagetest@7a0e1b5e]" name="checkMovingToRegisterPageFromLoginPage" class="testCases.SignInPagetest"/>
      </group> <!-- smoke -->
    </groups>
    <test started-at="2024-10-04T23:41:09 CDT" name="Test" finished-at="2024-10-04T23:53:57 CDT" duration-ms="767956">
      <class name="testCases.GraphPageTests">
        <test-method signature="check_PythonEditorInvalidInput()[pri:4, instance:testCases.GraphPageTests@7d070ef5]" started-at="2024-10-04T23:44:29 CDT" name="check_PythonEditorInvalidInput" finished-at="2024-10-04T23:44:29 CDT" duration-ms="5" status="FAIL">
          <exception class="org.openqa.selenium.NoSuchSessionException">
            <message>
              <![CDATA[Session ID is null. Using WebDriver after calling quit()?
Build info: version: '4.20.0', revision: '866c76ca80'
System info: os.name: 'Windows 11', os.arch: 'amd64', os.version: '10.0', java.version: '22.0.1'
Driver info: org.openqa.selenium.chrome.ChromeDriver
Command: [null, findElement {value=//button[normalize-space()='Get Started'], using=xpath}]
Capabilities {acceptInsecureCerts: false, browserName: chrome, browserVersion: 129.0.6668.90, chrome: {chromedriverVersion: 129.0.6668.89 (951c0b97221f..., userDataDir: C:\Users\kotha\AppData\Loca...}, fedcm:accounts: true, goog:chromeOptions: {debuggerAddress: localhost:62334}, networkConnectionEnabled: false, pageLoadStrategy: normal, platformName: windows, proxy: Proxy(), se:cdp: ws://localhost:62334/devtoo..., se:cdpVersion: 129.0.6668.90, setWindowRect: true, strictFileInteractability: false, timeouts: {implicit: 0, pageLoad: 300000, script: 30000}, unhandledPromptBehavior: dismiss and notify, webauthn:extension:credBlob: true, webauthn:extension:largeBlob: true, webauthn:extension:minPinLength: true, webauthn:extension:prf: true, webauthn:virtualAuthenticators: true}]]>
            </message>
            <full-stacktrace>
              <![CDATA[org.openqa.selenium.NoSuchSessionException: Session ID is null. Using WebDriver after calling quit()?
Build info: version: '4.20.0', revision: '866c76ca80'
System info: os.name: 'Windows 11', os.arch: 'amd64', os.version: '10.0', java.version: '22.0.1'
Driver info: org.openqa.selenium.chrome.ChromeDriver
Command: [null, findElement {value=//button[normalize-space()='Get Started'], using=xpath}]
Capabilities {acceptInsecureCerts: false, browserName: chrome, browserVersion: 129.0.6668.90, chrome: {chromedriverVersion: 129.0.6668.89 (951c0b97221f..., userDataDir: C:\Users\kotha\AppData\Loca...}, fedcm:accounts: true, goog:chromeOptions: {debuggerAddress: localhost:62334}, networkConnectionEnabled: false, pageLoadStrategy: normal, platformName: windows, proxy: Proxy(), se:cdp: ws://localhost:62334/devtoo..., se:cdpVersion: 129.0.6668.90, setWindowRect: true, strictFileInteractability: false, timeouts: {implicit: 0, pageLoad: 300000, script: 30000}, unhandledPromptBehavior: dismiss and notify, webauthn:extension:credBlob: true, webauthn:extension:largeBlob: true, webauthn:extension:minPinLength: true, webauthn:extension:prf: true, webauthn:virtualAuthenticators: true}
at org.openqa.selenium.remote.HttpCommandExecutor.execute(HttpCommandExecutor.java:151)
at org.openqa.selenium.remote.service.DriverCommandExecutor.invokeExecute(DriverCommandExecutor.java:216)
at org.openqa.selenium.remote.service.DriverCommandExecutor.execute(DriverCommandExecutor.java:174)
at org.openqa.selenium.remote.RemoteWebDriver.execute(RemoteWebDriver.java:518)
at org.openqa.selenium.remote.ElementLocation$ElementFinder$2.findElement(ElementLocation.java:165)
at org.openqa.selenium.remote.ElementLocation.findElement(ElementLocation.java:59)
at org.openqa.selenium.remote.RemoteWebDriver.findElement(RemoteWebDriver.java:355)
at org.openqa.selenium.remote.RemoteWebDriver.findElement(RemoteWebDriver.java:349)
at java.base/jdk.internal.reflect.DirectMethodHandleAccessor.invoke(DirectMethodHandleAccessor.java:103)
at java.base/java.lang.reflect.Method.invoke(Method.java:580)
at org.openqa.selenium.support.ThreadGuard$WebDriverInvocationHandler.invokeUnderlying(ThreadGuard.java:99)
at org.openqa.selenium.support.ThreadGuard$WebDriverInvocationHandler.invoke(ThreadGuard.java:91)
at jdk.proxy2/jdk.proxy2.$Proxy26.findElement(Unknown Source)
at org.openqa.selenium.support.pagefactory.DefaultElementLocator.findElement(DefaultElementLocator.java:68)
at org.openqa.selenium.support.pagefactory.internal.LocatingElementHandler.invoke(LocatingElementHandler.java:38)
at jdk.proxy2/jdk.proxy2.$Proxy23.click(Unknown Source)
at pageObject.GetStartedPage.clickGetStartedSP(GetStartedPage.java:25)
at pageObject.HomePage.Login_HomePage(HomePage.java:120)
at testCases.GraphPageTests.check_PythonEditorInvalidInput(GraphPageTests.java:111)
at java.base/jdk.internal.reflect.DirectMethodHandleAccessor.invoke(DirectMethodHandleAccessor.java:103)
at java.base/java.lang.reflect.Method.invoke(Method.java:580)
at org.testng.internal.invokers.MethodInvocationHelper.invokeMethod(MethodInvocationHelper.java:141)
at org.testng.internal.invokers.TestInvoker.invokeMethod(TestInvoker.java:686)
at org.testng.internal.invokers.TestInvoker.invokeTestMethod(TestInvoker.java:230)
at org.testng.internal.invokers.MethodRunner.runInSequence(MethodRunner.java:63)
at org.testng.internal.invokers.TestInvoker$MethodInvocationAgent.invoke(TestInvoker.java:992)
at org.testng.internal.invokers.TestInvoker.invokeTestMethods(TestInvoker.java:203)
at org.testng.internal.invokers.TestMethodWorker.invokeTestMethods(TestMethodWorker.java:154)
at org.testng.internal.invokers.TestMethodWorker.run(TestMethodWorker.java:134)
at java.base/java.util.concurrent.Executors$RunnableAdapter.call(Executors.java:572)
at java.base/java.util.concurrent.FutureTask.run(FutureTask.java:317)
at org.testng.internal.thread.graph.TestNGFutureTask.run(TestNGFutureTask.java:22)
at java.base/java.util.concurrent.ThreadPoolExecutor.runWorker(ThreadPoolExecutor.java:1144)
at java.base/java.util.concurrent.ThreadPoolExecutor$Worker.run(ThreadPoolExecutor.java:642)
at java.base/java.lang.Thread.run(Thread.java:1570)
]]>
            </full-stacktrace>
          </exception> <!-- org.openqa.selenium.NoSuchSessionException -->
          <reporter-output>
          </reporter-output>
        </test-method> <!-- check_PythonEditorInvalidInput -->
        <test-method signature="check_PythonEditorNoInput()[pri:4, instance:testCases.GraphPageTests@7d070ef5]" started-at="2024-10-04T23:44:29 CDT" name="check_PythonEditorNoInput" finished-at="2024-10-04T23:44:29 CDT" duration-ms="5" status="FAIL">
          <exception class="org.openqa.selenium.NoSuchSessionException">
            <message>
              <![CDATA[Session ID is null. Using WebDriver after calling quit()?
Build info: version: '4.20.0', revision: '866c76ca80'
System info: os.name: 'Windows 11', os.arch: 'amd64', os.version: '10.0', java.version: '22.0.1'
Driver info: org.openqa.selenium.chrome.ChromeDriver
Command: [null, findElement {value=//button[normalize-space()='Get Started'], using=xpath}]
Capabilities {acceptInsecureCerts: false, browserName: chrome, browserVersion: 129.0.6668.90, chrome: {chromedriverVersion: 129.0.6668.89 (951c0b97221f..., userDataDir: C:\Users\kotha\AppData\Loca...}, fedcm:accounts: true, goog:chromeOptions: {debuggerAddress: localhost:62334}, networkConnectionEnabled: false, pageLoadStrategy: normal, platformName: windows, proxy: Proxy(), se:cdp: ws://localhost:62334/devtoo..., se:cdpVersion: 129.0.6668.90, setWindowRect: true, strictFileInteractability: false, timeouts: {implicit: 0, pageLoad: 300000, script: 30000}, unhandledPromptBehavior: dismiss and notify, webauthn:extension:credBlob: true, webauthn:extension:largeBlob: true, webauthn:extension:minPinLength: true, webauthn:extension:prf: true, webauthn:virtualAuthenticators: true}]]>
            </message>
            <full-stacktrace>
              <![CDATA[org.openqa.selenium.NoSuchSessionException: Session ID is null. Using WebDriver after calling quit()?
Build info: version: '4.20.0', revision: '866c76ca80'
System info: os.name: 'Windows 11', os.arch: 'amd64', os.version: '10.0', java.version: '22.0.1'
Driver info: org.openqa.selenium.chrome.ChromeDriver
Command: [null, findElement {value=//button[normalize-space()='Get Started'], using=xpath}]
Capabilities {acceptInsecureCerts: false, browserName: chrome, browserVersion: 129.0.6668.90, chrome: {chromedriverVersion: 129.0.6668.89 (951c0b97221f..., userDataDir: C:\Users\kotha\AppData\Loca...}, fedcm:accounts: true, goog:chromeOptions: {debuggerAddress: localhost:62334}, networkConnectionEnabled: false, pageLoadStrategy: normal, platformName: windows, proxy: Proxy(), se:cdp: ws://localhost:62334/devtoo..., se:cdpVersion: 129.0.6668.90, setWindowRect: true, strictFileInteractability: false, timeouts: {implicit: 0, pageLoad: 300000, script: 30000}, unhandledPromptBehavior: dismiss and notify, webauthn:extension:credBlob: true, webauthn:extension:largeBlob: true, webauthn:extension:minPinLength: true, webauthn:extension:prf: true, webauthn:virtualAuthenticators: true}
at org.openqa.selenium.remote.HttpCommandExecutor.execute(HttpCommandExecutor.java:151)
at org.openqa.selenium.remote.service.DriverCommandExecutor.invokeExecute(DriverCommandExecutor.java:216)
at org.openqa.selenium.remote.service.DriverCommandExecutor.execute(DriverCommandExecutor.java:174)
at org.openqa.selenium.remote.RemoteWebDriver.execute(RemoteWebDriver.java:518)
at org.openqa.selenium.remote.ElementLocation$ElementFinder$2.findElement(ElementLocation.java:165)
at org.openqa.selenium.remote.ElementLocation.findElement(ElementLocation.java:59)
at org.openqa.selenium.remote.RemoteWebDriver.findElement(RemoteWebDriver.java:355)
at org.openqa.selenium.remote.RemoteWebDriver.findElement(RemoteWebDriver.java:349)
at java.base/jdk.internal.reflect.DirectMethodHandleAccessor.invoke(DirectMethodHandleAccessor.java:103)
at java.base/java.lang.reflect.Method.invoke(Method.java:580)
at org.openqa.selenium.support.ThreadGuard$WebDriverInvocationHandler.invokeUnderlying(ThreadGuard.java:99)
at org.openqa.selenium.support.ThreadGuard$WebDriverInvocationHandler.invoke(ThreadGuard.java:91)
at jdk.proxy2/jdk.proxy2.$Proxy26.findElement(Unknown Source)
at org.openqa.selenium.support.pagefactory.DefaultElementLocator.findElement(DefaultElementLocator.java:68)
at org.openqa.selenium.support.pagefactory.internal.LocatingElementHandler.invoke(LocatingElementHandler.java:38)
at jdk.proxy2/jdk.proxy2.$Proxy23.click(Unknown Source)
at pageObject.GetStartedPage.clickGetStartedSP(GetStartedPage.java:25)
at pageObject.HomePage.Login_HomePage(HomePage.java:120)
at testCases.GraphPageTests.check_PythonEditorNoInput(GraphPageTests.java:131)
at java.base/jdk.internal.reflect.DirectMethodHandleAccessor.invoke(DirectMethodHandleAccessor.java:103)
at java.base/java.lang.reflect.Method.invoke(Method.java:580)
at org.testng.internal.invokers.MethodInvocationHelper.invokeMethod(MethodInvocationHelper.java:141)
at org.testng.internal.invokers.TestInvoker.invokeMethod(TestInvoker.java:686)
at org.testng.internal.invokers.TestInvoker.invokeTestMethod(TestInvoker.java:230)
at org.testng.internal.invokers.MethodRunner.runInSequence(MethodRunner.java:63)
at org.testng.internal.invokers.TestInvoker$MethodInvocationAgent.invoke(TestInvoker.java:992)
at org.testng.internal.invokers.TestInvoker.invokeTestMethods(TestInvoker.java:203)
at org.testng.internal.invokers.TestMethodWorker.invokeTestMethods(TestMethodWorker.java:154)
at org.testng.internal.invokers.TestMethodWorker.run(TestMethodWorker.java:134)
at java.base/java.util.concurrent.Executors$RunnableAdapter.call(Executors.java:572)
at java.base/java.util.concurrent.FutureTask.run(FutureTask.java:317)
at org.testng.internal.thread.graph.TestNGFutureTask.run(TestNGFutureTask.java:22)
at java.base/java.util.concurrent.ThreadPoolExecutor.runWorker(ThreadPoolExecutor.java:1144)
at java.base/java.util.concurrent.ThreadPoolExecutor$Worker.run(ThreadPoolExecutor.java:642)
at java.base/java.lang.Thread.run(Thread.java:1570)
]]>
            </full-stacktrace>
          </exception> <!-- org.openqa.selenium.NoSuchSessionException -->
          <reporter-output>
          </reporter-output>
        </test-method> <!-- check_PythonEditorNoInput -->
        <test-method signature="check_PythonEditorValidInput()[pri:4, instance:testCases.GraphPageTests@7d070ef5]" started-at="2024-10-04T23:44:29 CDT" name="check_PythonEditorValidInput" finished-at="2024-10-04T23:44:29 CDT" duration-ms="4" status="FAIL">
          <exception class="org.openqa.selenium.NoSuchSessionException">
            <message>
              <![CDATA[Session ID is null. Using WebDriver after calling quit()?
Build info: version: '4.20.0', revision: '866c76ca80'
System info: os.name: 'Windows 11', os.arch: 'amd64', os.version: '10.0', java.version: '22.0.1'
Driver info: org.openqa.selenium.chrome.ChromeDriver
Command: [null, findElement {value=//button[normalize-space()='Get Started'], using=xpath}]
Capabilities {acceptInsecureCerts: false, browserName: chrome, browserVersion: 129.0.6668.90, chrome: {chromedriverVersion: 129.0.6668.89 (951c0b97221f..., userDataDir: C:\Users\kotha\AppData\Loca...}, fedcm:accounts: true, goog:chromeOptions: {debuggerAddress: localhost:62334}, networkConnectionEnabled: false, pageLoadStrategy: normal, platformName: windows, proxy: Proxy(), se:cdp: ws://localhost:62334/devtoo..., se:cdpVersion: 129.0.6668.90, setWindowRect: true, strictFileInteractability: false, timeouts: {implicit: 0, pageLoad: 300000, script: 30000}, unhandledPromptBehavior: dismiss and notify, webauthn:extension:credBlob: true, webauthn:extension:largeBlob: true, webauthn:extension:minPinLength: true, webauthn:extension:prf: true, webauthn:virtualAuthenticators: true}]]>
            </message>
            <full-stacktrace>
              <![CDATA[org.openqa.selenium.NoSuchSessionException: Session ID is null. Using WebDriver after calling quit()?
Build info: version: '4.20.0', revision: '866c76ca80'
System info: os.name: 'Windows 11', os.arch: 'amd64', os.version: '10.0', java.version: '22.0.1'
Driver info: org.openqa.selenium.chrome.ChromeDriver
Command: [null, findElement {value=//button[normalize-space()='Get Started'], using=xpath}]
Capabilities {acceptInsecureCerts: false, browserName: chrome, browserVersion: 129.0.6668.90, chrome: {chromedriverVersion: 129.0.6668.89 (951c0b97221f..., userDataDir: C:\Users\kotha\AppData\Loca...}, fedcm:accounts: true, goog:chromeOptions: {debuggerAddress: localhost:62334}, networkConnectionEnabled: false, pageLoadStrategy: normal, platformName: windows, proxy: Proxy(), se:cdp: ws://localhost:62334/devtoo..., se:cdpVersion: 129.0.6668.90, setWindowRect: true, strictFileInteractability: false, timeouts: {implicit: 0, pageLoad: 300000, script: 30000}, unhandledPromptBehavior: dismiss and notify, webauthn:extension:credBlob: true, webauthn:extension:largeBlob: true, webauthn:extension:minPinLength: true, webauthn:extension:prf: true, webauthn:virtualAuthenticators: true}
at org.openqa.selenium.remote.HttpCommandExecutor.execute(HttpCommandExecutor.java:151)
at org.openqa.selenium.remote.service.DriverCommandExecutor.invokeExecute(DriverCommandExecutor.java:216)
at org.openqa.selenium.remote.service.DriverCommandExecutor.execute(DriverCommandExecutor.java:174)
at org.openqa.selenium.remote.RemoteWebDriver.execute(RemoteWebDriver.java:518)
at org.openqa.selenium.remote.ElementLocation$ElementFinder$2.findElement(ElementLocation.java:165)
at org.openqa.selenium.remote.ElementLocation.findElement(ElementLocation.java:59)
at org.openqa.selenium.remote.RemoteWebDriver.findElement(RemoteWebDriver.java:355)
at org.openqa.selenium.remote.RemoteWebDriver.findElement(RemoteWebDriver.java:349)
at java.base/jdk.internal.reflect.DirectMethodHandleAccessor.invoke(DirectMethodHandleAccessor.java:103)
at java.base/java.lang.reflect.Method.invoke(Method.java:580)
at org.openqa.selenium.support.ThreadGuard$WebDriverInvocationHandler.invokeUnderlying(ThreadGuard.java:99)
at org.openqa.selenium.support.ThreadGuard$WebDriverInvocationHandler.invoke(ThreadGuard.java:91)
at jdk.proxy2/jdk.proxy2.$Proxy26.findElement(Unknown Source)
at org.openqa.selenium.support.pagefactory.DefaultElementLocator.findElement(DefaultElementLocator.java:68)
at org.openqa.selenium.support.pagefactory.internal.LocatingElementHandler.invoke(LocatingElementHandler.java:38)
at jdk.proxy2/jdk.proxy2.$Proxy23.click(Unknown Source)
at pageObject.GetStartedPage.clickGetStartedSP(GetStartedPage.java:25)
at pageObject.HomePage.Login_HomePage(HomePage.java:120)
at testCases.GraphPageTests.check_PythonEditorValidInput(GraphPageTests.java:89)
at java.base/jdk.internal.reflect.DirectMethodHandleAccessor.invoke(DirectMethodHandleAccessor.java:103)
at java.base/java.lang.reflect.Method.invoke(Method.java:580)
at org.testng.internal.invokers.MethodInvocationHelper.invokeMethod(MethodInvocationHelper.java:141)
at org.testng.internal.invokers.TestInvoker.invokeMethod(TestInvoker.java:686)
at org.testng.internal.invokers.TestInvoker.invokeTestMethod(TestInvoker.java:230)
at org.testng.internal.invokers.MethodRunner.runInSequence(MethodRunner.java:63)
at org.testng.internal.invokers.TestInvoker$MethodInvocationAgent.invoke(TestInvoker.java:992)
at org.testng.internal.invokers.TestInvoker.invokeTestMethods(TestInvoker.java:203)
at org.testng.internal.invokers.TestMethodWorker.invokeTestMethods(TestMethodWorker.java:154)
at org.testng.internal.invokers.TestMethodWorker.run(TestMethodWorker.java:134)
at java.base/java.util.concurrent.Executors$RunnableAdapter.call(Executors.java:572)
at java.base/java.util.concurrent.FutureTask.run(FutureTask.java:317)
at org.testng.internal.thread.graph.TestNGFutureTask.run(TestNGFutureTask.java:22)
at java.base/java.util.concurrent.ThreadPoolExecutor.runWorker(ThreadPoolExecutor.java:1144)
at java.base/java.util.concurrent.ThreadPoolExecutor$Worker.run(ThreadPoolExecutor.java:642)
at java.base/java.lang.Thread.run(Thread.java:1570)
]]>
            </full-stacktrace>
          </exception> <!-- org.openqa.selenium.NoSuchSessionException -->
          <reporter-output>
          </reporter-output>
        </test-method> <!-- check_PythonEditorValidInput -->
        <test-method signature="check_TryHereButton()[pri:4, instance:testCases.GraphPageTests@7d070ef5]" started-at="2024-10-04T23:44:29 CDT" name="check_TryHereButton" finished-at="2024-10-04T23:44:29 CDT" duration-ms="6" status="FAIL">
          <exception class="org.openqa.selenium.NoSuchSessionException">
            <message>
              <![CDATA[Session ID is null. Using WebDriver after calling quit()?
Build info: version: '4.20.0', revision: '866c76ca80'
System info: os.name: 'Windows 11', os.arch: 'amd64', os.version: '10.0', java.version: '22.0.1'
Driver info: org.openqa.selenium.chrome.ChromeDriver
Command: [null, findElement {value=//button[normalize-space()='Get Started'], using=xpath}]
Capabilities {acceptInsecureCerts: false, browserName: chrome, browserVersion: 129.0.6668.90, chrome: {chromedriverVersion: 129.0.6668.89 (951c0b97221f..., userDataDir: C:\Users\kotha\AppData\Loca...}, fedcm:accounts: true, goog:chromeOptions: {debuggerAddress: localhost:62334}, networkConnectionEnabled: false, pageLoadStrategy: normal, platformName: windows, proxy: Proxy(), se:cdp: ws://localhost:62334/devtoo..., se:cdpVersion: 129.0.6668.90, setWindowRect: true, strictFileInteractability: false, timeouts: {implicit: 0, pageLoad: 300000, script: 30000}, unhandledPromptBehavior: dismiss and notify, webauthn:extension:credBlob: true, webauthn:extension:largeBlob: true, webauthn:extension:minPinLength: true, webauthn:extension:prf: true, webauthn:virtualAuthenticators: true}]]>
            </message>
            <full-stacktrace>
              <![CDATA[org.openqa.selenium.NoSuchSessionException: Session ID is null. Using WebDriver after calling quit()?
Build info: version: '4.20.0', revision: '866c76ca80'
System info: os.name: 'Windows 11', os.arch: 'amd64', os.version: '10.0', java.version: '22.0.1'
Driver info: org.openqa.selenium.chrome.ChromeDriver
Command: [null, findElement {value=//button[normalize-space()='Get Started'], using=xpath}]
Capabilities {acceptInsecureCerts: false, browserName: chrome, browserVersion: 129.0.6668.90, chrome: {chromedriverVersion: 129.0.6668.89 (951c0b97221f..., userDataDir: C:\Users\kotha\AppData\Loca...}, fedcm:accounts: true, goog:chromeOptions: {debuggerAddress: localhost:62334}, networkConnectionEnabled: false, pageLoadStrategy: normal, platformName: windows, proxy: Proxy(), se:cdp: ws://localhost:62334/devtoo..., se:cdpVersion: 129.0.6668.90, setWindowRect: true, strictFileInteractability: false, timeouts: {implicit: 0, pageLoad: 300000, script: 30000}, unhandledPromptBehavior: dismiss and notify, webauthn:extension:credBlob: true, webauthn:extension:largeBlob: true, webauthn:extension:minPinLength: true, webauthn:extension:prf: true, webauthn:virtualAuthenticators: true}
at org.openqa.selenium.remote.HttpCommandExecutor.execute(HttpCommandExecutor.java:151)
at org.openqa.selenium.remote.service.DriverCommandExecutor.invokeExecute(DriverCommandExecutor.java:216)
at org.openqa.selenium.remote.service.DriverCommandExecutor.execute(DriverCommandExecutor.java:174)
at org.openqa.selenium.remote.RemoteWebDriver.execute(RemoteWebDriver.java:518)
at org.openqa.selenium.remote.ElementLocation$ElementFinder$2.findElement(ElementLocation.java:165)
at org.openqa.selenium.remote.ElementLocation.findElement(ElementLocation.java:59)
at org.openqa.selenium.remote.RemoteWebDriver.findElement(RemoteWebDriver.java:355)
at org.openqa.selenium.remote.RemoteWebDriver.findElement(RemoteWebDriver.java:349)
at java.base/jdk.internal.reflect.DirectMethodHandleAccessor.invoke(DirectMethodHandleAccessor.java:103)
at java.base/java.lang.reflect.Method.invoke(Method.java:580)
at org.openqa.selenium.support.ThreadGuard$WebDriverInvocationHandler.invokeUnderlying(ThreadGuard.java:99)
at org.openqa.selenium.support.ThreadGuard$WebDriverInvocationHandler.invoke(ThreadGuard.java:91)
at jdk.proxy2/jdk.proxy2.$Proxy26.findElement(Unknown Source)
at org.openqa.selenium.support.pagefactory.DefaultElementLocator.findElement(DefaultElementLocator.java:68)
at org.openqa.selenium.support.pagefactory.internal.LocatingElementHandler.invoke(LocatingElementHandler.java:38)
at jdk.proxy2/jdk.proxy2.$Proxy23.click(Unknown Source)
at pageObject.GetStartedPage.clickGetStartedSP(GetStartedPage.java:25)
at pageObject.HomePage.Login_HomePage(HomePage.java:120)
at testCases.GraphPageTests.check_TryHereButton(GraphPageTests.java:71)
at java.base/jdk.internal.reflect.DirectMethodHandleAccessor.invoke(DirectMethodHandleAccessor.java:103)
at java.base/java.lang.reflect.Method.invoke(Method.java:580)
at org.testng.internal.invokers.MethodInvocationHelper.invokeMethod(MethodInvocationHelper.java:141)
at org.testng.internal.invokers.TestInvoker.invokeMethod(TestInvoker.java:686)
at org.testng.internal.invokers.TestInvoker.invokeTestMethod(TestInvoker.java:230)
at org.testng.internal.invokers.MethodRunner.runInSequence(MethodRunner.java:63)
at org.testng.internal.invokers.TestInvoker$MethodInvocationAgent.invoke(TestInvoker.java:992)
at org.testng.internal.invokers.TestInvoker.invokeTestMethods(TestInvoker.java:203)
at org.testng.internal.invokers.TestMethodWorker.invokeTestMethods(TestMethodWorker.java:154)
at org.testng.internal.invokers.TestMethodWorker.run(TestMethodWorker.java:134)
at java.base/java.util.concurrent.Executors$RunnableAdapter.call(Executors.java:572)
at java.base/java.util.concurrent.FutureTask.run(FutureTask.java:317)
at org.testng.internal.thread.graph.TestNGFutureTask.run(TestNGFutureTask.java:22)
at java.base/java.util.concurrent.ThreadPoolExecutor.runWorker(ThreadPoolExecutor.java:1144)
at java.base/java.util.concurrent.ThreadPoolExecutor$Worker.run(ThreadPoolExecutor.java:642)
at java.base/java.lang.Thread.run(Thread.java:1570)
]]>
            </full-stacktrace>
          </exception> <!-- org.openqa.selenium.NoSuchSessionException -->
          <reporter-output>
          </reporter-output>
        </test-method> <!-- check_TryHereButton -->
      </class> <!-- testCases.GraphPageTests -->
      <class name="testCases.ArrayPageTests">
        <test-method signature="Test_ArraysInPython()[pri:0, instance:testCases.ArrayPageTests@58f07f02]" started-at="2024-10-04T23:41:09 CDT" name="Test_ArraysInPython" finished-at="2024-10-04T23:41:09 CDT" duration-ms="207" status="FAIL">
          <exception class="java.lang.NullPointerException">
            <message>
              <![CDATA[Cannot invoke "org.openqa.selenium.SearchContext.findElement(org.openqa.selenium.By)" because "this.searchContext" is null]]>
            </message>
            <full-stacktrace>
              <![CDATA[java.lang.NullPointerException: Cannot invoke "org.openqa.selenium.SearchContext.findElement(org.openqa.selenium.By)" because "this.searchContext" is null
at org.openqa.selenium.support.pagefactory.DefaultElementLocator.findElement(DefaultElementLocator.java:68)
at org.openqa.selenium.support.pagefactory.internal.LocatingElementHandler.invoke(LocatingElementHandler.java:38)
at jdk.proxy2/jdk.proxy2.$Proxy23.click(Unknown Source)
at pageObject.GetStartedPage.clickGetStartedSP(GetStartedPage.java:25)
at pageObject.HomePage.Login_HomePage(HomePage.java:120)
at testCases.ArrayPageTests.Test_ArraysInPython(ArrayPageTests.java:28)
at java.base/jdk.internal.reflect.DirectMethodHandleAccessor.invoke(DirectMethodHandleAccessor.java:103)
at java.base/java.lang.reflect.Method.invoke(Method.java:580)
at org.testng.internal.invokers.MethodInvocationHelper.invokeMethod(MethodInvocationHelper.java:141)
at org.testng.internal.invokers.TestInvoker.invokeMethod(TestInvoker.java:686)
at org.testng.internal.invokers.TestInvoker.invokeTestMethod(TestInvoker.java:230)
at org.testng.internal.invokers.MethodRunner.runInSequence(MethodRunner.java:63)
at org.testng.internal.invokers.TestInvoker$MethodInvocationAgent.invoke(TestInvoker.java:992)
at org.testng.internal.invokers.TestInvoker.invokeTestMethods(TestInvoker.java:203)
at org.testng.internal.invokers.TestMethodWorker.invokeTestMethods(TestMethodWorker.java:154)
at org.testng.internal.invokers.TestMethodWorker.run(TestMethodWorker.java:134)
at java.base/java.util.concurrent.Executors$RunnableAdapter.call(Executors.java:572)
at java.base/java.util.concurrent.FutureTask.run(FutureTask.java:317)
at org.testng.internal.thread.graph.TestNGFutureTask.run(TestNGFutureTask.java:22)
at java.base/java.util.concurrent.ThreadPoolExecutor.runWorker(ThreadPoolExecutor.java:1144)
at java.base/java.util.concurrent.ThreadPoolExecutor$Worker.run(ThreadPoolExecutor.java:642)
at java.base/java.lang.Thread.run(Thread.java:1570)
]]>
            </full-stacktrace>
          </exception> <!-- java.lang.NullPointerException -->
          <reporter-output>
          </reporter-output>
        </test-method> <!-- Test_ArraysInPython -->
        <test-method signature="Test_ArraysUsingList()[pri:1, instance:testCases.ArrayPageTests@58f07f02]" started-at="2024-10-04T23:41:31 CDT" name="Test_ArraysUsingList" finished-at="2024-10-04T23:41:31 CDT" duration-ms="8" status="FAIL">
          <exception class="org.openqa.selenium.NoSuchSessionException">
            <message>
              <![CDATA[Session ID is null. Using WebDriver after calling quit()?
Build info: version: '4.20.0', revision: '866c76ca80'
System info: os.name: 'Windows 11', os.arch: 'amd64', os.version: '10.0', java.version: '22.0.1'
Driver info: org.openqa.selenium.chrome.ChromeDriver
Command: [null, findElement {value=//button[normalize-space()='Get Started'], using=xpath}]
Capabilities {acceptInsecureCerts: false, browserName: chrome, browserVersion: 129.0.6668.90, chrome: {chromedriverVersion: 129.0.6668.89 (951c0b97221f..., userDataDir: C:\Users\kotha\AppData\Loca...}, fedcm:accounts: true, goog:chromeOptions: {debuggerAddress: localhost:60959}, networkConnectionEnabled: false, pageLoadStrategy: normal, platformName: windows, proxy: Proxy(), se:cdp: ws://localhost:60959/devtoo..., se:cdpVersion: 129.0.6668.90, setWindowRect: true, strictFileInteractability: false, timeouts: {implicit: 0, pageLoad: 300000, script: 30000}, unhandledPromptBehavior: dismiss and notify, webauthn:extension:credBlob: true, webauthn:extension:largeBlob: true, webauthn:extension:minPinLength: true, webauthn:extension:prf: true, webauthn:virtualAuthenticators: true}]]>
            </message>
            <full-stacktrace>
              <![CDATA[org.openqa.selenium.NoSuchSessionException: Session ID is null. Using WebDriver after calling quit()?
Build info: version: '4.20.0', revision: '866c76ca80'
System info: os.name: 'Windows 11', os.arch: 'amd64', os.version: '10.0', java.version: '22.0.1'
Driver info: org.openqa.selenium.chrome.ChromeDriver
Command: [null, findElement {value=//button[normalize-space()='Get Started'], using=xpath}]
Capabilities {acceptInsecureCerts: false, browserName: chrome, browserVersion: 129.0.6668.90, chrome: {chromedriverVersion: 129.0.6668.89 (951c0b97221f..., userDataDir: C:\Users\kotha\AppData\Loca...}, fedcm:accounts: true, goog:chromeOptions: {debuggerAddress: localhost:60959}, networkConnectionEnabled: false, pageLoadStrategy: normal, platformName: windows, proxy: Proxy(), se:cdp: ws://localhost:60959/devtoo..., se:cdpVersion: 129.0.6668.90, setWindowRect: true, strictFileInteractability: false, timeouts: {implicit: 0, pageLoad: 300000, script: 30000}, unhandledPromptBehavior: dismiss and notify, webauthn:extension:credBlob: true, webauthn:extension:largeBlob: true, webauthn:extension:minPinLength: true, webauthn:extension:prf: true, webauthn:virtualAuthenticators: true}
at org.openqa.selenium.remote.HttpCommandExecutor.execute(HttpCommandExecutor.java:151)
at org.openqa.selenium.remote.service.DriverCommandExecutor.invokeExecute(DriverCommandExecutor.java:216)
at org.openqa.selenium.remote.service.DriverCommandExecutor.execute(DriverCommandExecutor.java:174)
at org.openqa.selenium.remote.RemoteWebDriver.execute(RemoteWebDriver.java:518)
at org.openqa.selenium.remote.ElementLocation$ElementFinder$2.findElement(ElementLocation.java:165)
at org.openqa.selenium.remote.ElementLocation.findElement(ElementLocation.java:59)
at org.openqa.selenium.remote.RemoteWebDriver.findElement(RemoteWebDriver.java:355)
at org.openqa.selenium.remote.RemoteWebDriver.findElement(RemoteWebDriver.java:349)
at java.base/jdk.internal.reflect.DirectMethodHandleAccessor.invoke(DirectMethodHandleAccessor.java:103)
at java.base/java.lang.reflect.Method.invoke(Method.java:580)
at org.openqa.selenium.support.ThreadGuard$WebDriverInvocationHandler.invokeUnderlying(ThreadGuard.java:99)
at org.openqa.selenium.support.ThreadGuard$WebDriverInvocationHandler.invoke(ThreadGuard.java:91)
at jdk.proxy2/jdk.proxy2.$Proxy26.findElement(Unknown Source)
at org.openqa.selenium.support.pagefactory.DefaultElementLocator.findElement(DefaultElementLocator.java:68)
at org.openqa.selenium.support.pagefactory.internal.LocatingElementHandler.invoke(LocatingElementHandler.java:38)
at jdk.proxy2/jdk.proxy2.$Proxy23.click(Unknown Source)
at pageObject.GetStartedPage.clickGetStartedSP(GetStartedPage.java:25)
at pageObject.HomePage.Login_HomePage(HomePage.java:120)
at testCases.ArrayPageTests.Test_ArraysUsingList(ArrayPageTests.java:45)
at java.base/jdk.internal.reflect.DirectMethodHandleAccessor.invoke(DirectMethodHandleAccessor.java:103)
at java.base/java.lang.reflect.Method.invoke(Method.java:580)
at org.testng.internal.invokers.MethodInvocationHelper.invokeMethod(MethodInvocationHelper.java:141)
at org.testng.internal.invokers.TestInvoker.invokeMethod(TestInvoker.java:686)
at org.testng.internal.invokers.TestInvoker.invokeTestMethod(TestInvoker.java:230)
at org.testng.internal.invokers.MethodRunner.runInSequence(MethodRunner.java:63)
at org.testng.internal.invokers.TestInvoker$MethodInvocationAgent.invoke(TestInvoker.java:992)
at org.testng.internal.invokers.TestInvoker.invokeTestMethods(TestInvoker.java:203)
at org.testng.internal.invokers.TestMethodWorker.invokeTestMethods(TestMethodWorker.java:154)
at org.testng.internal.invokers.TestMethodWorker.run(TestMethodWorker.java:134)
at java.base/java.util.concurrent.Executors$RunnableAdapter.call(Executors.java:572)
at java.base/java.util.concurrent.FutureTask.run(FutureTask.java:317)
at org.testng.internal.thread.graph.TestNGFutureTask.run(TestNGFutureTask.java:22)
at java.base/java.util.concurrent.ThreadPoolExecutor.runWorker(ThreadPoolExecutor.java:1144)
at java.base/java.util.concurrent.ThreadPoolExecutor$Worker.run(ThreadPoolExecutor.java:642)
at java.base/java.lang.Thread.run(Thread.java:1570)
]]>
            </full-stacktrace>
          </exception> <!-- org.openqa.selenium.NoSuchSessionException -->
          <reporter-output>
          </reporter-output>
        </test-method> <!-- Test_ArraysUsingList -->
        <test-method signature="Test_BasicOpeartions()[pri:2, instance:testCases.ArrayPageTests@58f07f02]" started-at="2024-10-04T23:42:18 CDT" name="Test_BasicOpeartions" finished-at="2024-10-04T23:42:18 CDT" duration-ms="6" status="FAIL">
          <exception class="org.openqa.selenium.NoSuchSessionException">
            <message>
              <![CDATA[Session ID is null. Using WebDriver after calling quit()?
Build info: version: '4.20.0', revision: '866c76ca80'
System info: os.name: 'Windows 11', os.arch: 'amd64', os.version: '10.0', java.version: '22.0.1'
Driver info: org.openqa.selenium.chrome.ChromeDriver
Command: [null, findElement {value=//button[normalize-space()='Get Started'], using=xpath}]
Capabilities {acceptInsecureCerts: false, browserName: chrome, browserVersion: 129.0.6668.90, chrome: {chromedriverVersion: 129.0.6668.89 (951c0b97221f..., userDataDir: C:\Users\kotha\AppData\Loca...}, fedcm:accounts: true, goog:chromeOptions: {debuggerAddress: localhost:61364}, networkConnectionEnabled: false, pageLoadStrategy: normal, platformName: windows, proxy: Proxy(), se:cdp: ws://localhost:61364/devtoo..., se:cdpVersion: 129.0.6668.90, setWindowRect: true, strictFileInteractability: false, timeouts: {implicit: 0, pageLoad: 300000, script: 30000}, unhandledPromptBehavior: dismiss and notify, webauthn:extension:credBlob: true, webauthn:extension:largeBlob: true, webauthn:extension:minPinLength: true, webauthn:extension:prf: true, webauthn:virtualAuthenticators: true}]]>
            </message>
            <full-stacktrace>
              <![CDATA[org.openqa.selenium.NoSuchSessionException: Session ID is null. Using WebDriver after calling quit()?
Build info: version: '4.20.0', revision: '866c76ca80'
System info: os.name: 'Windows 11', os.arch: 'amd64', os.version: '10.0', java.version: '22.0.1'
Driver info: org.openqa.selenium.chrome.ChromeDriver
Command: [null, findElement {value=//button[normalize-space()='Get Started'], using=xpath}]
Capabilities {acceptInsecureCerts: false, browserName: chrome, browserVersion: 129.0.6668.90, chrome: {chromedriverVersion: 129.0.6668.89 (951c0b97221f..., userDataDir: C:\Users\kotha\AppData\Loca...}, fedcm:accounts: true, goog:chromeOptions: {debuggerAddress: localhost:61364}, networkConnectionEnabled: false, pageLoadStrategy: normal, platformName: windows, proxy: Proxy(), se:cdp: ws://localhost:61364/devtoo..., se:cdpVersion: 129.0.6668.90, setWindowRect: true, strictFileInteractability: false, timeouts: {implicit: 0, pageLoad: 300000, script: 30000}, unhandledPromptBehavior: dismiss and notify, webauthn:extension:credBlob: true, webauthn:extension:largeBlob: true, webauthn:extension:minPinLength: true, webauthn:extension:prf: true, webauthn:virtualAuthenticators: true}
at org.openqa.selenium.remote.HttpCommandExecutor.execute(HttpCommandExecutor.java:151)
at org.openqa.selenium.remote.service.DriverCommandExecutor.invokeExecute(DriverCommandExecutor.java:216)
at org.openqa.selenium.remote.service.DriverCommandExecutor.execute(DriverCommandExecutor.java:174)
at org.openqa.selenium.remote.RemoteWebDriver.execute(RemoteWebDriver.java:518)
at org.openqa.selenium.remote.ElementLocation$ElementFinder$2.findElement(ElementLocation.java:165)
at org.openqa.selenium.remote.ElementLocation.findElement(ElementLocation.java:59)
at org.openqa.selenium.remote.RemoteWebDriver.findElement(RemoteWebDriver.java:355)
at org.openqa.selenium.remote.RemoteWebDriver.findElement(RemoteWebDriver.java:349)
at java.base/jdk.internal.reflect.DirectMethodHandleAccessor.invoke(DirectMethodHandleAccessor.java:103)
at java.base/java.lang.reflect.Method.invoke(Method.java:580)
at org.openqa.selenium.support.ThreadGuard$WebDriverInvocationHandler.invokeUnderlying(ThreadGuard.java:99)
at org.openqa.selenium.support.ThreadGuard$WebDriverInvocationHandler.invoke(ThreadGuard.java:91)
at jdk.proxy2/jdk.proxy2.$Proxy26.findElement(Unknown Source)
at org.openqa.selenium.support.pagefactory.DefaultElementLocator.findElement(DefaultElementLocator.java:68)
at org.openqa.selenium.support.pagefactory.internal.LocatingElementHandler.invoke(LocatingElementHandler.java:38)
at jdk.proxy2/jdk.proxy2.$Proxy23.click(Unknown Source)
at pageObject.GetStartedPage.clickGetStartedSP(GetStartedPage.java:25)
at pageObject.HomePage.Login_HomePage(HomePage.java:120)
at testCases.ArrayPageTests.Test_BasicOpeartions(ArrayPageTests.java:60)
at java.base/jdk.internal.reflect.DirectMethodHandleAccessor.invoke(DirectMethodHandleAccessor.java:103)
at java.base/java.lang.reflect.Method.invoke(Method.java:580)
at org.testng.internal.invokers.MethodInvocationHelper.invokeMethod(MethodInvocationHelper.java:141)
at org.testng.internal.invokers.TestInvoker.invokeMethod(TestInvoker.java:686)
at org.testng.internal.invokers.TestInvoker.invokeTestMethod(TestInvoker.java:230)
at org.testng.internal.invokers.MethodRunner.runInSequence(MethodRunner.java:63)
at org.testng.internal.invokers.TestInvoker$MethodInvocationAgent.invoke(TestInvoker.java:992)
at org.testng.internal.invokers.TestInvoker.invokeTestMethods(TestInvoker.java:203)
at org.testng.internal.invokers.TestMethodWorker.invokeTestMethods(TestMethodWorker.java:154)
at org.testng.internal.invokers.TestMethodWorker.run(TestMethodWorker.java:134)
at java.base/java.util.concurrent.Executors$RunnableAdapter.call(Executors.java:572)
at java.base/java.util.concurrent.FutureTask.run(FutureTask.java:317)
at org.testng.internal.thread.graph.TestNGFutureTask.run(TestNGFutureTask.java:22)
at java.base/java.util.concurrent.ThreadPoolExecutor.runWorker(ThreadPoolExecutor.java:1144)
at java.base/java.util.concurrent.ThreadPoolExecutor$Worker.run(ThreadPoolExecutor.java:642)
at java.base/java.lang.Thread.run(Thread.java:1570)
]]>
            </full-stacktrace>
          </exception> <!-- org.openqa.selenium.NoSuchSessionException -->
          <reporter-output>
          </reporter-output>
        </test-method> <!-- Test_BasicOpeartions -->
        <test-method signature="Test_ApplicationsOfArray()[pri:3, instance:testCases.ArrayPageTests@58f07f02]" started-at="2024-10-04T23:43:04 CDT" name="Test_ApplicationsOfArray" finished-at="2024-10-04T23:43:04 CDT" duration-ms="7" status="FAIL">
          <exception class="org.openqa.selenium.NoSuchSessionException">
            <message>
              <![CDATA[Session ID is null. Using WebDriver after calling quit()?
Build info: version: '4.20.0', revision: '866c76ca80'
System info: os.name: 'Windows 11', os.arch: 'amd64', os.version: '10.0', java.version: '22.0.1'
Driver info: org.openqa.selenium.chrome.ChromeDriver
Command: [null, findElement {value=//button[normalize-space()='Get Started'], using=xpath}]
Capabilities {acceptInsecureCerts: false, browserName: chrome, browserVersion: 129.0.6668.90, chrome: {chromedriverVersion: 129.0.6668.89 (951c0b97221f..., userDataDir: C:\Users\kotha\AppData\Loca...}, fedcm:accounts: true, goog:chromeOptions: {debuggerAddress: localhost:61729}, networkConnectionEnabled: false, pageLoadStrategy: normal, platformName: windows, proxy: Proxy(), se:cdp: ws://localhost:61729/devtoo..., se:cdpVersion: 129.0.6668.90, setWindowRect: true, strictFileInteractability: false, timeouts: {implicit: 0, pageLoad: 300000, script: 30000}, unhandledPromptBehavior: dismiss and notify, webauthn:extension:credBlob: true, webauthn:extension:largeBlob: true, webauthn:extension:minPinLength: true, webauthn:extension:prf: true, webauthn:virtualAuthenticators: true}]]>
            </message>
            <full-stacktrace>
              <![CDATA[org.openqa.selenium.NoSuchSessionException: Session ID is null. Using WebDriver after calling quit()?
Build info: version: '4.20.0', revision: '866c76ca80'
System info: os.name: 'Windows 11', os.arch: 'amd64', os.version: '10.0', java.version: '22.0.1'
Driver info: org.openqa.selenium.chrome.ChromeDriver
Command: [null, findElement {value=//button[normalize-space()='Get Started'], using=xpath}]
Capabilities {acceptInsecureCerts: false, browserName: chrome, browserVersion: 129.0.6668.90, chrome: {chromedriverVersion: 129.0.6668.89 (951c0b97221f..., userDataDir: C:\Users\kotha\AppData\Loca...}, fedcm:accounts: true, goog:chromeOptions: {debuggerAddress: localhost:61729}, networkConnectionEnabled: false, pageLoadStrategy: normal, platformName: windows, proxy: Proxy(), se:cdp: ws://localhost:61729/devtoo..., se:cdpVersion: 129.0.6668.90, setWindowRect: true, strictFileInteractability: false, timeouts: {implicit: 0, pageLoad: 300000, script: 30000}, unhandledPromptBehavior: dismiss and notify, webauthn:extension:credBlob: true, webauthn:extension:largeBlob: true, webauthn:extension:minPinLength: true, webauthn:extension:prf: true, webauthn:virtualAuthenticators: true}
at org.openqa.selenium.remote.HttpCommandExecutor.execute(HttpCommandExecutor.java:151)
at org.openqa.selenium.remote.service.DriverCommandExecutor.invokeExecute(DriverCommandExecutor.java:216)
at org.openqa.selenium.remote.service.DriverCommandExecutor.execute(DriverCommandExecutor.java:174)
at org.openqa.selenium.remote.RemoteWebDriver.execute(RemoteWebDriver.java:518)
at org.openqa.selenium.remote.ElementLocation$ElementFinder$2.findElement(ElementLocation.java:165)
at org.openqa.selenium.remote.ElementLocation.findElement(ElementLocation.java:59)
at org.openqa.selenium.remote.RemoteWebDriver.findElement(RemoteWebDriver.java:355)
at org.openqa.selenium.remote.RemoteWebDriver.findElement(RemoteWebDriver.java:349)
at java.base/jdk.internal.reflect.DirectMethodHandleAccessor.invoke(DirectMethodHandleAccessor.java:103)
at java.base/java.lang.reflect.Method.invoke(Method.java:580)
at org.openqa.selenium.support.ThreadGuard$WebDriverInvocationHandler.invokeUnderlying(ThreadGuard.java:99)
at org.openqa.selenium.support.ThreadGuard$WebDriverInvocationHandler.invoke(ThreadGuard.java:91)
at jdk.proxy2/jdk.proxy2.$Proxy26.findElement(Unknown Source)
at org.openqa.selenium.support.pagefactory.DefaultElementLocator.findElement(DefaultElementLocator.java:68)
at org.openqa.selenium.support.pagefactory.internal.LocatingElementHandler.invoke(LocatingElementHandler.java:38)
at jdk.proxy2/jdk.proxy2.$Proxy23.click(Unknown Source)
at pageObject.GetStartedPage.clickGetStartedSP(GetStartedPage.java:25)
at pageObject.HomePage.Login_HomePage(HomePage.java:120)
at testCases.ArrayPageTests.Test_ApplicationsOfArray(ArrayPageTests.java:75)
at java.base/jdk.internal.reflect.DirectMethodHandleAccessor.invoke(DirectMethodHandleAccessor.java:103)
at java.base/java.lang.reflect.Method.invoke(Method.java:580)
at org.testng.internal.invokers.MethodInvocationHelper.invokeMethod(MethodInvocationHelper.java:141)
at org.testng.internal.invokers.TestInvoker.invokeMethod(TestInvoker.java:686)
at org.testng.internal.invokers.TestInvoker.invokeTestMethod(TestInvoker.java:230)
at org.testng.internal.invokers.MethodRunner.runInSequence(MethodRunner.java:63)
at org.testng.internal.invokers.TestInvoker$MethodInvocationAgent.invoke(TestInvoker.java:992)
at org.testng.internal.invokers.TestInvoker.invokeTestMethods(TestInvoker.java:203)
at org.testng.internal.invokers.TestMethodWorker.invokeTestMethods(TestMethodWorker.java:154)
at org.testng.internal.invokers.TestMethodWorker.run(TestMethodWorker.java:134)
at java.base/java.util.concurrent.Executors$RunnableAdapter.call(Executors.java:572)
at java.base/java.util.concurrent.FutureTask.run(FutureTask.java:317)
at org.testng.internal.thread.graph.TestNGFutureTask.run(TestNGFutureTask.java:22)
at java.base/java.util.concurrent.ThreadPoolExecutor.runWorker(ThreadPoolExecutor.java:1144)
at java.base/java.util.concurrent.ThreadPoolExecutor$Worker.run(ThreadPoolExecutor.java:642)
at java.base/java.lang.Thread.run(Thread.java:1570)
]]>
            </full-stacktrace>
          </exception> <!-- org.openqa.selenium.NoSuchSessionException -->
          <reporter-output>
          </reporter-output>
        </test-method> <!-- Test_ApplicationsOfArray -->
        <test-method signature="Test_TryHere_arraysInpython()[pri:4, instance:testCases.ArrayPageTests@58f07f02]" started-at="2024-10-04T23:44:02 CDT" name="Test_TryHere_arraysInpython" finished-at="2024-10-04T23:44:02 CDT" duration-ms="5" status="FAIL">
          <exception class="org.openqa.selenium.NoSuchSessionException">
            <message>
              <![CDATA[Session ID is null. Using WebDriver after calling quit()?
Build info: version: '4.20.0', revision: '866c76ca80'
System info: os.name: 'Windows 11', os.arch: 'amd64', os.version: '10.0', java.version: '22.0.1'
Driver info: org.openqa.selenium.chrome.ChromeDriver
Command: [null, findElement {value=//button[normalize-space()='Get Started'], using=xpath}]
Capabilities {acceptInsecureCerts: false, browserName: chrome, browserVersion: 129.0.6668.90, chrome: {chromedriverVersion: 129.0.6668.89 (951c0b97221f..., userDataDir: C:\Users\kotha\AppData\Loca...}, fedcm:accounts: true, goog:chromeOptions: {debuggerAddress: localhost:62057}, networkConnectionEnabled: false, pageLoadStrategy: normal, platformName: windows, proxy: Proxy(), se:cdp: ws://localhost:62057/devtoo..., se:cdpVersion: 129.0.6668.90, setWindowRect: true, strictFileInteractability: false, timeouts: {implicit: 0, pageLoad: 300000, script: 30000}, unhandledPromptBehavior: dismiss and notify, webauthn:extension:credBlob: true, webauthn:extension:largeBlob: true, webauthn:extension:minPinLength: true, webauthn:extension:prf: true, webauthn:virtualAuthenticators: true}]]>
            </message>
            <full-stacktrace>
              <![CDATA[org.openqa.selenium.NoSuchSessionException: Session ID is null. Using WebDriver after calling quit()?
Build info: version: '4.20.0', revision: '866c76ca80'
System info: os.name: 'Windows 11', os.arch: 'amd64', os.version: '10.0', java.version: '22.0.1'
Driver info: org.openqa.selenium.chrome.ChromeDriver
Command: [null, findElement {value=//button[normalize-space()='Get Started'], using=xpath}]
Capabilities {acceptInsecureCerts: false, browserName: chrome, browserVersion: 129.0.6668.90, chrome: {chromedriverVersion: 129.0.6668.89 (951c0b97221f..., userDataDir: C:\Users\kotha\AppData\Loca...}, fedcm:accounts: true, goog:chromeOptions: {debuggerAddress: localhost:62057}, networkConnectionEnabled: false, pageLoadStrategy: normal, platformName: windows, proxy: Proxy(), se:cdp: ws://localhost:62057/devtoo..., se:cdpVersion: 129.0.6668.90, setWindowRect: true, strictFileInteractability: false, timeouts: {implicit: 0, pageLoad: 300000, script: 30000}, unhandledPromptBehavior: dismiss and notify, webauthn:extension:credBlob: true, webauthn:extension:largeBlob: true, webauthn:extension:minPinLength: true, webauthn:extension:prf: true, webauthn:virtualAuthenticators: true}
at org.openqa.selenium.remote.HttpCommandExecutor.execute(HttpCommandExecutor.java:151)
at org.openqa.selenium.remote.service.DriverCommandExecutor.invokeExecute(DriverCommandExecutor.java:216)
at org.openqa.selenium.remote.service.DriverCommandExecutor.execute(DriverCommandExecutor.java:174)
at org.openqa.selenium.remote.RemoteWebDriver.execute(RemoteWebDriver.java:518)
at org.openqa.selenium.remote.ElementLocation$ElementFinder$2.findElement(ElementLocation.java:165)
at org.openqa.selenium.remote.ElementLocation.findElement(ElementLocation.java:59)
at org.openqa.selenium.remote.RemoteWebDriver.findElement(RemoteWebDriver.java:355)
at org.openqa.selenium.remote.RemoteWebDriver.findElement(RemoteWebDriver.java:349)
at java.base/jdk.internal.reflect.DirectMethodHandleAccessor.invoke(DirectMethodHandleAccessor.java:103)
at java.base/java.lang.reflect.Method.invoke(Method.java:580)
at org.openqa.selenium.support.ThreadGuard$WebDriverInvocationHandler.invokeUnderlying(ThreadGuard.java:99)
at org.openqa.selenium.support.ThreadGuard$WebDriverInvocationHandler.invoke(ThreadGuard.java:91)
at jdk.proxy2/jdk.proxy2.$Proxy26.findElement(Unknown Source)
at org.openqa.selenium.support.pagefactory.DefaultElementLocator.findElement(DefaultElementLocator.java:68)
at org.openqa.selenium.support.pagefactory.internal.LocatingElementHandler.invoke(LocatingElementHandler.java:38)
at jdk.proxy2/jdk.proxy2.$Proxy23.click(Unknown Source)
at pageObject.GetStartedPage.clickGetStartedSP(GetStartedPage.java:25)
at pageObject.HomePage.Login_HomePage(HomePage.java:120)
at testCases.ArrayPageTests.Test_TryHere_arraysInpython(ArrayPageTests.java:90)
at java.base/jdk.internal.reflect.DirectMethodHandleAccessor.invoke(DirectMethodHandleAccessor.java:103)
at java.base/java.lang.reflect.Method.invoke(Method.java:580)
at org.testng.internal.invokers.MethodInvocationHelper.invokeMethod(MethodInvocationHelper.java:141)
at org.testng.internal.invokers.TestInvoker.invokeMethod(TestInvoker.java:686)
at org.testng.internal.invokers.TestInvoker.invokeTestMethod(TestInvoker.java:230)
at org.testng.internal.invokers.MethodRunner.runInSequence(MethodRunner.java:63)
at org.testng.internal.invokers.TestInvoker$MethodInvocationAgent.invoke(TestInvoker.java:992)
at org.testng.internal.invokers.TestInvoker.invokeTestMethods(TestInvoker.java:203)
at org.testng.internal.invokers.TestMethodWorker.invokeTestMethods(TestMethodWorker.java:154)
[...]
          <reporter-output>
          </reporter-output>
        </test-method> <!-- check_PythonEditorNoInput10 -->
        <test-method is-config="true" signature="tearDown(org.testng.ITestResult)[pri:0, instance:testCases.TreePageTests@442f92e6]" started-at="2024-10-04T23:53:09 CDT" name="tearDown" finished-at="2024-10-04T23:53:18 CDT" duration-ms="9391" status="PASS">
          <params>
            <param index="0">
              <value>
                <![CDATA[[TestResult name=check_PythonEditorInvalidInput10 status=SUCCESS method=TreePageTests.check_PythonEditorInvalidInput10()[pri:57, instance:testCases.TreePageTests@442f92e6] output={null}]]]>
              </value>
            </param>
          </params>
          <reporter-output>
          </reporter-output>
        </test-method> <!-- tearDown -->
        <test-method is-config="true" signature="setup(java.lang.String)[pri:0, instance:testCases.TreePageTests@442f92e6]" started-at="2024-10-04T23:53:10 CDT" name="setup" finished-at="2024-10-04T23:53:15 CDT" duration-ms="4982" status="PASS">
          <params>
            <param index="0">
              <value>
                <![CDATA[chrome]]>
              </value>
            </param>
          </params>
          <reporter-output>
          </reporter-output>
        </test-method> <!-- setup -->
        <test-method is-config="true" signature="tearDown(org.testng.ITestResult)[pri:0, instance:testCases.TreePageTests@442f92e6]" started-at="2024-10-04T23:53:13 CDT" name="tearDown" finished-at="2024-10-04T23:53:18 CDT" duration-ms="5078" status="PASS">
          <params>
            <param index="0">
              <value>
                <![CDATA[[TestResult name=check_PythonEditorValidInput10 status=SUCCESS method=TreePageTests.check_PythonEditorValidInput10()[pri:56, instance:testCases.TreePageTests@442f92e6] output={null}]]]>
              </value>
            </param>
          </params>
          <reporter-output>
          </reporter-output>
        </test-method> <!-- tearDown -->
        <test-method is-config="true" signature="tearDown(org.testng.ITestResult)[pri:0, instance:testCases.TreePageTests@442f92e6]" started-at="2024-10-04T23:53:13 CDT" name="tearDown" finished-at="2024-10-04T23:53:18 CDT" duration-ms="5281" status="PASS">
          <params>
            <param index="0">
              <value>
                <![CDATA[[TestResult name=check_PythonEditorNoInput10 status=SUCCESS method=TreePageTests.check_PythonEditorNoInput10()[pri:58, instance:testCases.TreePageTests@442f92e6] output={null}]]]>
              </value>
            </param>
          </params>
          <reporter-output>
          </reporter-output>
        </test-method> <!-- tearDown -->
        <test-method signature="click_BinarySearchTreesLink()[pri:59, instance:testCases.TreePageTests@442f92e6]" started-at="2024-10-04T23:53:15 CDT" name="click_BinarySearchTreesLink" finished-at="2024-10-04T23:53:18 CDT" duration-ms="3069" status="PASS">
          <reporter-output>
          </reporter-output>
        </test-method> <!-- click_BinarySearchTreesLink -->
        <test-method is-config="true" signature="setup(java.lang.String)[pri:0, instance:testCases.TreePageTests@442f92e6]" started-at="2024-10-04T23:53:18 CDT" name="setup" finished-at="2024-10-04T23:53:21 CDT" duration-ms="2866" status="PASS">
          <params>
            <param index="0">
              <value>
                <![CDATA[chrome]]>
              </value>
            </param>
          </params>
          <reporter-output>
          </reporter-output>
        </test-method> <!-- setup -->
        <test-method is-config="true" signature="setup(java.lang.String)[pri:0, instance:testCases.TreePageTests@442f92e6]" started-at="2024-10-04T23:53:18 CDT" name="setup" finished-at="2024-10-04T23:53:29 CDT" duration-ms="11223" status="PASS">
          <params>
            <param index="0">
              <value>
                <![CDATA[chrome]]>
              </value>
            </param>
          </params>
          <reporter-output>
          </reporter-output>
        </test-method> <!-- setup -->
        <test-method is-config="true" signature="tearDown(org.testng.ITestResult)[pri:0, instance:testCases.TreePageTests@442f92e6]" started-at="2024-10-04T23:53:18 CDT" name="tearDown" finished-at="2024-10-04T23:53:28 CDT" duration-ms="9713" status="PASS">
          <params>
            <param index="0">
              <value>
                <![CDATA[[TestResult name=click_BinarySearchTreesLink status=SUCCESS method=TreePageTests.click_BinarySearchTreesLink()[pri:59, instance:testCases.TreePageTests@442f92e6] output={null}]]]>
              </value>
            </param>
          </params>
          <reporter-output>
          </reporter-output>
        </test-method> <!-- tearDown -->
        <test-method is-config="true" signature="setup(java.lang.String)[pri:0, instance:testCases.TreePageTests@442f92e6]" started-at="2024-10-04T23:53:18 CDT" name="setup" finished-at="2024-10-04T23:53:33 CDT" duration-ms="14931" status="PASS">
          <params>
            <param index="0">
              <value>
                <![CDATA[chrome]]>
              </value>
            </param>
          </params>
          <reporter-output>
          </reporter-output>
        </test-method> <!-- setup -->
        <test-method signature="check_TryHereButton11()[pri:60, instance:testCases.TreePageTests@442f92e6]" started-at="2024-10-04T23:53:21 CDT" name="check_TryHereButton11" finished-at="2024-10-04T23:53:26 CDT" duration-ms="5664" status="PASS">
          <reporter-output>
          </reporter-output>
        </test-method> <!-- check_TryHereButton11 -->
        <test-method is-config="true" signature="setup(java.lang.String)[pri:0, instance:testCases.TreePageTests@442f92e6]" started-at="2024-10-04T23:53:22 CDT" name="setup" finished-at="2024-10-04T23:53:27 CDT" duration-ms="5473" status="PASS">
          <params>
            <param index="0">
              <value>
                <![CDATA[chrome]]>
              </value>
            </param>
          </params>
          <reporter-output>
          </reporter-output>
        </test-method> <!-- setup -->
        <test-method is-config="true" signature="tearDown(org.testng.ITestResult)[pri:0, instance:testCases.TreePageTests@442f92e6]" started-at="2024-10-04T23:53:26 CDT" name="tearDown" finished-at="2024-10-04T23:53:37 CDT" duration-ms="10087" status="PASS">
          <params>
            <param index="0">
              <value>
                <![CDATA[[TestResult name=check_TryHereButton11 status=SUCCESS method=TreePageTests.check_TryHereButton11()[pri:60, instance:testCases.TreePageTests@442f92e6] output={null}]]]>
              </value>
            </param>
          </params>
          <reporter-output>
          </reporter-output>
        </test-method> <!-- tearDown -->
        <test-method signature="check_PythonEditorNoInput11()[pri:63, instance:testCases.TreePageTests@442f92e6]" started-at="2024-10-04T23:53:27 CDT" name="check_PythonEditorNoInput11" finished-at="2024-10-04T23:53:32 CDT" duration-ms="4558" status="PASS">
          <reporter-output>
          </reporter-output>
        </test-method> <!-- check_PythonEditorNoInput11 -->
        <test-method is-config="true" signature="setup(java.lang.String)[pri:0, instance:testCases.TreePageTests@442f92e6]" started-at="2024-10-04T23:53:28 CDT" name="setup" finished-at="2024-10-04T23:53:34 CDT" duration-ms="6480" status="PASS">
          <params>
            <param index="0">
              <value>
                <![CDATA[chrome]]>
              </value>
            </param>
          </params>
          <reporter-output>
          </reporter-output>
        </test-method> <!-- setup -->
        <test-method signature="check_PythonEditorValidInput11()[pri:61, instance:testCases.TreePageTests@442f92e6]" started-at="2024-10-04T23:53:29 CDT" name="check_PythonEditorValidInput11" finished-at="2024-10-04T23:53:34 CDT" duration-ms="4922" status="PASS">
          <reporter-output>
          </reporter-output>
        </test-method> <!-- check_PythonEditorValidInput11 -->
        <test-method is-config="true" signature="tearDown(org.testng.ITestResult)[pri:0, instance:testCases.TreePageTests@442f92e6]" started-at="2024-10-04T23:53:32 CDT" name="tearDown" finished-at="2024-10-04T23:53:36 CDT" duration-ms="4797" status="PASS">
          <params>
            <param index="0">
              <value>
                <![CDATA[[TestResult name=check_PythonEditorNoInput11 status=SUCCESS method=TreePageTests.check_PythonEditorNoInput11()[pri:63, instance:testCases.TreePageTests@442f92e6] output={null}]]]>
              </value>
            </param>
          </params>
          <reporter-output>
          </reporter-output>
        </test-method> <!-- tearDown -->
        <test-method signature="check_PythonEditorInvalidInput11()[pri:62, instance:testCases.TreePageTests@442f92e6]" started-at="2024-10-04T23:53:33 CDT" name="check_PythonEditorInvalidInput11" finished-at="2024-10-04T23:53:38 CDT" duration-ms="4961" status="PASS">
          <reporter-output>
          </reporter-output>
        </test-method> <!-- check_PythonEditorInvalidInput11 -->
        <test-method is-config="true" signature="tearDown(org.testng.ITestResult)[pri:0, instance:testCases.TreePageTests@442f92e6]" started-at="2024-10-04T23:53:34 CDT" name="tearDown" finished-at="2024-10-04T23:53:40 CDT" duration-ms="5646" status="PASS">
          <params>
            <param index="0">
              <value>
                <![CDATA[[TestResult name=check_PythonEditorValidInput11 status=SUCCESS method=TreePageTests.check_PythonEditorValidInput11()[pri:61, instance:testCases.TreePageTests@442f92e6] output={null}]]]>
              </value>
            </param>
          </params>
          <reporter-output>
          </reporter-output>
        </test-method> <!-- tearDown -->
        <test-method signature="click_ImplementationOfBSTLink()[pri:64, instance:testCases.TreePageTests@442f92e6]" started-at="2024-10-04T23:53:34 CDT" name="click_ImplementationOfBSTLink" finished-at="2024-10-04T23:53:37 CDT" duration-ms="2584" status="PASS">
          <reporter-output>
          </reporter-output>
        </test-method> <!-- click_ImplementationOfBSTLink -->
        <test-method is-config="true" signature="setup(java.lang.String)[pri:0, instance:testCases.TreePageTests@442f92e6]" started-at="2024-10-04T23:53:37 CDT" name="setup" finished-at="2024-10-04T23:53:43 CDT" duration-ms="6496" status="PASS">
          <params>
            <param index="0">
              <value>
                <![CDATA[chrome]]>
              </value>
            </param>
          </params>
          <reporter-output>
          </reporter-output>
        </test-method> <!-- setup -->
        <test-method is-config="true" signature="setup(java.lang.String)[pri:0, instance:testCases.TreePageTests@442f92e6]" started-at="2024-10-04T23:53:37 CDT" name="setup" finished-at="2024-10-04T23:53:47 CDT" duration-ms="10340" status="PASS">
          <params>
            <param index="0">
              <value>
                <![CDATA[chrome]]>
              </value>
            </param>
          </params>
          <reporter-output>
          </reporter-output>
        </test-method> <!-- setup -->
        <test-method is-config="true" signature="tearDown(org.testng.ITestResult)[pri:0, instance:testCases.TreePageTests@442f92e6]" started-at="2024-10-04T23:53:37 CDT" name="tearDown" finished-at="2024-10-04T23:53:48 CDT" duration-ms="11333" status="PASS">
          <params>
            <param index="0">
              <value>
                <![CDATA[[TestResult name=click_ImplementationOfBSTLink status=SUCCESS method=TreePageTests.click_ImplementationOfBSTLink()[pri:64, instance:testCases.TreePageTests@442f92e6] output={null}]]]>
              </value>
            </param>
          </params>
          <reporter-output>
          </reporter-output>
        </test-method> <!-- tearDown -->
        <test-method is-config="true" signature="tearDown(org.testng.ITestResult)[pri:0, instance:testCases.TreePageTests@442f92e6]" started-at="2024-10-04T23:53:38 CDT" name="tearDown" finished-at="2024-10-04T23:53:48 CDT" duration-ms="9735" status="PASS">
          <params>
            <param index="0">
              <value>
                <![CDATA[[TestResult name=check_PythonEditorInvalidInput11 status=SUCCESS method=TreePageTests.check_PythonEditorInvalidInput11()[pri:62, instance:testCases.TreePageTests@442f92e6] output={null}]]]>
              </value>
            </param>
          </params>
          <reporter-output>
          </reporter-output>
        </test-method> <!-- tearDown -->
        <test-method is-config="true" signature="setup(java.lang.String)[pri:0, instance:testCases.TreePageTests@442f92e6]" started-at="2024-10-04T23:53:40 CDT" name="setup" finished-at="2024-10-04T23:53:48 CDT" duration-ms="7753" status="PASS">
          <params>
            <param index="0">
              <value>
                <![CDATA[chrome]]>
              </value>
            </param>
          </params>
          <reporter-output>
          </reporter-output>
        </test-method> <!-- setup -->
        <test-method signature="check_TryHereButton12()[pri:65, instance:testCases.TreePageTests@442f92e6]" started-at="2024-10-04T23:53:43 CDT" name="check_TryHereButton12" finished-at="2024-10-04T23:53:46 CDT" duration-ms="2772" status="PASS">
          <reporter-output>
          </reporter-output>
        </test-method> <!-- check_TryHereButton12 -->
        <test-method is-config="true" signature="tearDown(org.testng.ITestResult)[pri:0, instance:testCases.TreePageTests@442f92e6]" started-at="2024-10-04T23:53:46 CDT" name="tearDown" finished-at="2024-10-04T23:53:51 CDT" duration-ms="4753" status="PASS">
          <params>
            <param index="0">
              <value>
                <![CDATA[[TestResult name=check_TryHereButton12 status=SUCCESS method=TreePageTests.check_TryHereButton12()[pri:65, instance:testCases.TreePageTests@442f92e6] output={null}]]]>
              </value>
            </param>
          </params>
          <reporter-output>
          </reporter-output>
        </test-method> <!-- tearDown -->
        <test-method signature="check_PythonEditorValidInput12()[pri:66, instance:testCases.TreePageTests@442f92e6]" started-at="2024-10-04T23:53:47 CDT" name="check_PythonEditorValidInput12" finished-at="2024-10-04T23:53:51 CDT" duration-ms="3802" status="PASS">
          <reporter-output>
          </reporter-output>
        </test-method> <!-- check_PythonEditorValidInput12 -->
        <test-method signature="check_PythonEditorInvalidInput12()[pri:67, instance:testCases.TreePageTests@442f92e6]" started-at="2024-10-04T23:53:48 CDT" name="check_PythonEditorInvalidInput12" finished-at="2024-10-04T23:53:51 CDT" duration-ms="3601" status="PASS">
          <reporter-output>
          </reporter-output>
        </test-method> <!-- check_PythonEditorInvalidInput12 -->
        <test-method is-config="true" signature="setup(java.lang.String)[pri:0, instance:testCases.TreePageTests@442f92e6]" started-at="2024-10-04T23:53:48 CDT" name="setup" finished-at="2024-10-04T23:53:54 CDT" duration-ms="5571" status="PASS">
          <params>
            <param index="0">
              <value>
                <![CDATA[chrome]]>
              </value>
            </param>
          </params>
          <reporter-output>
          </reporter-output>
        </test-method> <!-- setup -->
        <test-method is-config="true" signature="setup(java.lang.String)[pri:0, instance:testCases.TreePageTests@442f92e6]" started-at="2024-10-04T23:53:48 CDT" name="setup" finished-at="2024-10-04T23:53:52 CDT" duration-ms="4181" status="PASS">
          <params>
            <param index="0">
              <value>
                <![CDATA[chrome]]>
              </value>
            </param>
          </params>
          <reporter-output>
          </reporter-output>
        </test-method> <!-- setup -->
        <test-method is-config="true" signature="tearDown(org.testng.ITestResult)[pri:0, instance:testCases.TreePageTests@442f92e6]" started-at="2024-10-04T23:53:51 CDT" name="tearDown" finished-at="2024-10-04T23:53:56 CDT" duration-ms="4998" status="PASS">
          <params>
            <param index="0">
              <value>
                <![CDATA[[TestResult name=check_PythonEditorValidInput12 status=SUCCESS method=TreePageTests.check_PythonEditorValidInput12()[pri:66, instance:testCases.TreePageTests@442f92e6] output={null}]]]>
              </value>
            </param>
          </params>
          <reporter-output>
          </reporter-output>
        </test-method> <!-- tearDown -->
        <test-method is-config="true" signature="tearDown(org.testng.ITestResult)[pri:0, instance:testCases.TreePageTests@442f92e6]" started-at="2024-10-04T23:53:51 CDT" name="tearDown" finished-at="2024-10-04T23:53:56 CDT" duration-ms="4656" status="PASS">
          <params>
            <param index="0">
              <value>
                <![CDATA[[TestResult name=check_PythonEditorInvalidInput12 status=SUCCESS method=TreePageTests.check_PythonEditorInvalidInput12()[pri:67, instance:testCases.TreePageTests@442f92e6] output={null}]]]>
              </value>
            </param>
          </params>
          <reporter-output>
          </reporter-output>
        </test-method> <!-- tearDown -->
        <test-method signature="click_PracticeQnsLink()[pri:69, instance:testCases.TreePageTests@442f92e6]" started-at="2024-10-04T23:53:52 CDT" name="click_PracticeQnsLink" finished-at="2024-10-04T23:53:55 CDT" duration-ms="2400" status="PASS">
          <reporter-output>
          </reporter-output>
        </test-method> <!-- click_PracticeQnsLink -->
        <test-method signature="check_PythonEditorNoInput12()[pri:68, instance:testCases.TreePageTests@442f92e6]" started-at="2024-10-04T23:53:54 CDT" name="check_PythonEditorNoInput12" finished-at="2024-10-04T23:53:57 CDT" duration-ms="3266" status="PASS">
          <reporter-output>
          </reporter-output>
        </test-method> <!-- check_PythonEditorNoInput12 -->
        <test-method is-config="true" signature="tearDown(org.testng.ITestResult)[pri:0, instance:testCases.TreePageTests@442f92e6]" started-at="2024-10-04T23:53:55 CDT" name="tearDown" finished-at="2024-10-04T23:53:56 CDT" duration-ms="926" status="PASS">
          <params>
            <param index="0">
              <value>
                <![CDATA[[TestResult name=click_PracticeQnsLink status=SUCCESS method=TreePageTests.click_PracticeQnsLink()[pri:69, instance:testCases.TreePageTests@442f92e6] output={null}]]]>
              </value>
            </param>
          </params>
          <reporter-output>
          </reporter-output>
        </test-method> <!-- tearDown -->
        <test-method is-config="true" signature="tearDown(org.testng.ITestResult)[pri:0, instance:testCases.TreePageTests@442f92e6]" started-at="2024-10-04T23:53:57 CDT" name="tearDown" finished-at="2024-10-04T23:53:57 CDT" duration-ms="161" status="PASS">
          <params>
            <param index="0">
              <value>
                <![CDATA[[TestResult name=check_PythonEditorNoInput12 status=SUCCESS method=TreePageTests.check_PythonEditorNoInput12()[pri:68, instance:testCases.TreePageTests@442f92e6] output={null}]]]>
              </value>
            </param>
          </params>
          <reporter-output>
          </reporter-output>
        </test-method> <!-- tearDown -->
      </class> <!-- testCases.TreePageTests -->
    </test> <!-- Test -->
  </suite> <!-- Suite -->
</testng-results>
